#
# There is insufficient memory for the Java Runtime Environment to continue.
# Native memory allocation (malloc) failed to allocate 579296 bytes for Chunk::new
# Possible reasons:
#   The system is out of physical RAM or swap space
#   In 32 bit mode, the process size limit was hit
# Possible solutions:
#   Reduce memory load on the system
#   Increase physical memory or swap space
#   Check if swap backing store is full
#   Use 64 bit Java on a 64 bit OS
#   Decrease Java heap size (-Xmx/-Xms)
#   Decrease number of Java threads
#   Decrease Java thread stack sizes (-Xss)
#   Set larger code cache with -XX:ReservedCodeCacheSize=
# This output file may be truncated or incomplete.
#
#  Out of Memory Error (allocation.cpp:323), pid=7816, tid=6480
#
# JRE version: Java(TM) SE Runtime Environment (7.0_79-b15) (build 1.7.0_79-b15)
# Java VM: Java HotSpot(TM) 64-Bit Server VM (24.79-b02 mixed mode windows-amd64 compressed oops)
# Failed to write core dump. Minidumps are not enabled by default on client versions of Windows
#

---------------  T H R E A D  ---------------

Current thread (0x0000000008a0f000):  JavaThread "C2 CompilerThread1" daemon [_thread_in_native, id=6480, stack(0x000000000a090000,0x000000000a190000)]

Stack: [0x000000000a090000,0x000000000a190000]
[error occurred during error reporting (printing stack bounds), id 0xc0000005]


[error occurred during error reporting (printing native stack), id 0xc0000005]


Current CompileTask:
C2:   3623  231   !         com.android.dx.cf.code.Ropper::processBlock (1101 bytes)


---------------  P R O C E S S  ---------------

Java Threads: ( => current thread )
  0x0000000008a15000 JavaThread "Service Thread" daemon [_thread_blocked, id=6812, stack(0x000000000a190000,0x000000000a290000)]
=>0x0000000008a0f000 JavaThread "C2 CompilerThread1" daemon [_thread_in_native, id=6480, stack(0x000000000a090000,0x000000000a190000)]
  0x0000000008a0d000 JavaThread "C2 CompilerThread0" daemon [_thread_in_native, id=3936, stack(0x0000000009f90000,0x000000000a090000)]
  0x0000000008a0c000 JavaThread "Attach Listener" daemon [_thread_blocked, id=7904, stack(0x0000000009e90000,0x0000000009f90000)]
  0x0000000008a08800 JavaThread "Signal Dispatcher" daemon [_thread_blocked, id=7928, stack(0x0000000009d90000,0x0000000009e90000)]
  0x00000000089ce800 JavaThread "Finalizer" daemon [_thread_blocked, id=2556, stack(0x0000000009c90000,0x0000000009d90000)]
  0x00000000089c5800 JavaThread "Reference Handler" daemon [_thread_blocked, id=3436, stack(0x0000000009b90000,0x0000000009c90000)]
  0x0000000002a70800 JavaThread "main" [_thread_in_Java, id=3616, stack(0x0000000002890000,0x0000000002990000)]

Other Threads:
  0x00000000089c0800 VMThread [stack: 0x0000000009a90000,0x0000000009b90000] [id=2452]
  0x0000000008a22800 WatcherThread [stack: 0x000000000a290000,0x000000000a390000] [id=2976]

VM state:not at safepoint (normal execution)

VM Mutex/Monitor currently owned by a thread: None

Heap
 PSYoungGen      total 17920K, used 17145K [0x00000000eaa80000, 0x00000000ecd80000, 0x0000000100000000)
  eden space 15360K, 95% used [0x00000000eaa80000,0x00000000eb8c4960,0x00000000eb980000)
  from space 2560K, 99% used [0x00000000eb980000,0x00000000ebbf9c68,0x00000000ebc00000)
  to   space 2560K, 0% used [0x00000000ecb00000,0x00000000ecb00000,0x00000000ecd80000)
 ParOldGen       total 40960K, used 1358K [0x00000000c0000000, 0x00000000c2800000, 0x00000000eaa80000)
  object space 40960K, 3% used [0x00000000c0000000,0x00000000c0153a50,0x00000000c2800000)
 PSPermGen       total 21504K, used 5502K [0x00000000bae00000, 0x00000000bc300000, 0x00000000c0000000)
  object space 21504K, 25% used [0x00000000bae00000,0x00000000bb35f850,0x00000000bc300000)

Card table byte_map: [0x0000000005c30000,0x0000000005e60000] byte_map_base: 0x0000000005659000

Polling page: 0x00000000010c0000

Code Cache  [0x0000000002b70000, 0x0000000002de0000, 0x0000000005b70000)
 total_blobs=462 nmethods=229 adapters=186 free_code_cache=48245Kb largest_free_block=49369664

Compilation events (10 events):
Event: 3.573 Thread 0x0000000008a0f000 nmethod 226 0x0000000002c3ed90 code [0x0000000002c3eee0, 0x0000000002c3f038]
Event: 3.573 Thread 0x0000000008a0f000  227             com.android.dx.rop.code.InsnList::getLast (11 bytes)
Event: 3.574 Thread 0x0000000008a0f000 nmethod 227 0x0000000002c3ea10 code [0x0000000002c3eb60, 0x0000000002c3ec38]
Event: 3.574 Thread 0x0000000008a0f000  228   !         com.android.dx.rop.cst.StdConstantPool::getOrNull (13 bytes)
Event: 3.574 Thread 0x0000000008a0f000 nmethod 228 0x0000000002c3e790 code [0x0000000002c3e8c0, 0x0000000002c3e958]
Event: 3.575 Thread 0x0000000008a0f000  229             java.lang.AbstractStringBuilder::ensureCapacityInternal (16 bytes)
Event: 3.577 Thread 0x0000000008a0f000 nmethod 229 0x0000000002c54210 code [0x0000000002c54360, 0x0000000002c545d8]
Event: 3.578 Thread 0x0000000008a0f000  230             com.android.dx.rop.code.RegisterSpec::make (7 bytes)
Event: 3.579 Thread 0x0000000008a0f000 nmethod 230 0x0000000002c37890 code [0x0000000002c379e0, 0x0000000002c37a48]
Event: 3.579 Thread 0x0000000008a0f000  231   !         com.android.dx.cf.code.Ropper::processBlock (1101 bytes)

GC Heap History (2 events):
Event: 2.285 GC heap before
{Heap before GC invocations=1 (full 0):
 PSYoungGen      total 17920K, used 15360K [0x00000000eaa80000, 0x00000000ebe80000, 0x0000000100000000)
  eden space 15360K, 100% used [0x00000000eaa80000,0x00000000eb980000,0x00000000eb980000)
  from space 2560K, 0% used [0x00000000ebc00000,0x00000000ebc00000,0x00000000ebe80000)
  to   space 2560K, 0% used [0x00000000eb980000,0x00000000eb980000,0x00000000ebc00000)
 ParOldGen       total 40960K, used 0K [0x00000000c0000000, 0x00000000c2800000, 0x00000000eaa80000)
  object space 40960K, 0% used [0x00000000c0000000,0x00000000c0000000,0x00000000c2800000)
 PSPermGen       total 21504K, used 5352K [0x00000000bae00000, 0x00000000bc300000, 0x00000000c0000000)
  object space 21504K, 24% used [0x00000000bae00000,0x00000000bb33a3a8,0x00000000bc300000)
Event: 2.376 GC heap after
Heap after GC invocations=1 (full 0):
 PSYoungGen      total 17920K, used 2535K [0x00000000eaa80000, 0x00000000ecd80000, 0x0000000100000000)
  eden space 15360K, 0% used [0x00000000eaa80000,0x00000000eaa80000,0x00000000eb980000)
  from space 2560K, 99% used [0x00000000eb980000,0x00000000ebbf9c68,0x00000000ebc00000)
  to   space 2560K, 0% used [0x00000000ecb00000,0x00000000ecb00000,0x00000000ecd80000)
 ParOldGen       total 40960K, used 1358K [0x00000000c0000000, 0x00000000c2800000, 0x00000000eaa80000)
  object space 40960K, 3% used [0x00000000c0000000,0x00000000c0153a50,0x00000000c2800000)
 PSPermGen       total 21504K, used 5352K [0x00000000bae00000, 0x00000000bc300000, 0x00000000c0000000)
  object space 21504K, 24% used [0x00000000bae00000,0x00000000bb33a3a8,0x00000000bc300000)
}

Deoptimization events (10 events):
Event: 1.264 Thread 0x0000000002a70800 Uncommon trap: reason=bimorphic action=maybe_recompile pc=0x0000000002be18bc method=java.util.HashMap.getEntry(Ljava/lang/Object;)Ljava/util/HashMap$Entry; @ 68
Event: 1.268 Thread 0x0000000002a70800 Uncommon trap: reason=bimorphic action=maybe_recompile pc=0x0000000002be18bc method=java.util.HashMap.getEntry(Ljava/lang/Object;)Ljava/util/HashMap$Entry; @ 68
Event: 1.515 Thread 0x0000000002a70800 Uncommon trap: reason=bimorphic action=maybe_recompile pc=0x0000000002be18bc method=java.util.HashMap.getEntry(Ljava/lang/Object;)Ljava/util/HashMap$Entry; @ 68
Event: 1.742 Thread 0x0000000002a70800 Uncommon trap: reason=null_check action=make_not_entrant pc=0x0000000002bf3cd4 method=com.android.dx.rop.code.LocalItem.equals(Ljava/lang/Object;)Z @ 1
Event: 1.752 Thread 0x0000000002a70800 Uncommon trap: reason=class_check action=maybe_recompile pc=0x0000000002be3bc0 method=com.android.dx.ssa.NormalSsaInsn.accept(Lcom/android/dx/ssa/SsaInsn$Visitor;)V @ 9
Event: 1.752 Thread 0x0000000002a70800 Uncommon trap: reason=class_check action=maybe_recompile pc=0x0000000002be3bc0 method=com.android.dx.ssa.NormalSsaInsn.accept(Lcom/android/dx/ssa/SsaInsn$Visitor;)V @ 9
Event: 1.752 Thread 0x0000000002a70800 Uncommon trap: reason=class_check action=maybe_recompile pc=0x0000000002be3bc0 method=com.android.dx.ssa.NormalSsaInsn.accept(Lcom/android/dx/ssa/SsaInsn$Visitor;)V @ 9
Event: 1.755 Thread 0x0000000002a70800 Uncommon trap: reason=class_check action=maybe_recompile pc=0x0000000002be3bc0 method=com.android.dx.ssa.NormalSsaInsn.accept(Lcom/android/dx/ssa/SsaInsn$Visitor;)V @ 9
Event: 2.001 Thread 0x0000000002a70800 Uncommon trap: reason=unreached action=reinterpret pc=0x0000000002bf2e84 method=com.android.dx.rop.cst.Constant.compareTo(Lcom/android/dx/rop/cst/Constant;)I @ 12
Event: 3.335 Thread 0x0000000002a70800 Uncommon trap: reason=null_check action=make_not_entrant pc=0x0000000002c200d0 method=com.android.dx.ssa.SsaRenamer.getLocalForNewReg(I)Lcom/android/dx/rop/code/LocalItem; @ 19

Internal exceptions (10 events):
Event: 0.807 Thread 0x0000000002a70800 Threw 0x00000000eb198c20 at C:\re\jdk7u79\2331\hotspot\src\share\vm\prims\jvm.cpp:1304
Event: 0.814 Thread 0x0000000002a70800 Threw 0x00000000eb1a3110 at C:\re\jdk7u79\2331\hotspot\src\share\vm\prims\jvm.cpp:1304
Event: 1.263 Thread 0x0000000002a70800 Threw 0x00000000eb31e468 at C:\re\jdk7u79\2331\hotspot\src\share\vm\prims\jvm.cpp:1304
Event: 1.268 Thread 0x0000000002a70800 Threw 0x00000000eb327438 at C:\re\jdk7u79\2331\hotspot\src\share\vm\prims\jvm.cpp:1304
Event: 1.514 Thread 0x0000000002a70800 Threw 0x00000000eb4555b0 at C:\re\jdk7u79\2331\hotspot\src\share\vm\prims\jvm.cpp:1304
Event: 1.579 Thread 0x0000000002a70800 Threw 0x00000000eb4a1c00 at C:\re\jdk7u79\2331\hotspot\src\share\vm\prims\jvm.cpp:1304
Event: 1.658 Thread 0x0000000002a70800 Threw 0x00000000eb5710b8 at C:\re\jdk7u79\2331\hotspot\src\share\vm\prims\jvm.cpp:1304
Event: 1.742 Thread 0x0000000002a70800 Implicit null exception at 0x0000000002bf3a48 to 0x0000000002bf3cc1
Event: 2.405 Thread 0x0000000002a70800 Threw 0x00000000eab4c318 at C:\re\jdk7u79\2331\hotspot\src\share\vm\prims\jvm.cpp:1304
Event: 3.335 Thread 0x0000000002a70800 Implicit null exception at 0x0000000002c1ee52 to 0x0000000002c200a5

Events (10 events):
Event: 2.001 Thread 0x0000000002a70800 Uncommon trap: trap_request=0xffffffad fr.pc=0x0000000002bf2e84
Event: 2.001 Thread 0x0000000002a70800 DEOPT PACKING pc=0x0000000002bf2e84 sp=0x000000000298e560
Event: 2.001 Thread 0x0000000002a70800 DEOPT UNPACKING pc=0x0000000002ba9064 sp=0x000000000298e500 mode 2
Event: 2.285 Executing VM operation: ParallelGCFailedAllocation
Event: 2.376 Executing VM operation: ParallelGCFailedAllocation done
Event: 2.405 loading class 0x000000000a4384f0
Event: 2.405 loading class 0x000000000a4384f0 done
Event: 3.335 Thread 0x0000000002a70800 Uncommon trap: trap_request=0xfffffff4 fr.pc=0x0000000002c200d0
Event: 3.335 Thread 0x0000000002a70800 DEOPT PACKING pc=0x0000000002c200d0 sp=0x000000000298e8a0
Event: 3.335 Thread 0x0000000002a70800 DEOPT UNPACKING pc=0x0000000002ba9064 sp=0x000000000298e638 mode 2


Dynamic libraries:
0x00007ff690b90000 - 0x00007ff690bc3000 	C:\Program Files\Java\jdk1.7.0_79\bin\java.exe
0x00007ffcdb280000 - 0x00007ffcdb42c000 	C:\WINDOWS\SYSTEM32\ntdll.dll
0x00007ffcd9230000 - 0x00007ffcd936e000 	C:\WINDOWS\system32\KERNEL32.DLL
0x00007ffcd8600000 - 0x00007ffcd8715000 	C:\WINDOWS\system32\KERNELBASE.dll
0x00007ffcd6f50000 - 0x00007ffcd6fde000 	C:\WINDOWS\system32\apphelp.dll
0x00007ffccd140000 - 0x00007ffccd193000 	C:\WINDOWS\AppPatch\AppPatch64\AcGenral.DLL
0x00007ffcdafb0000 - 0x00007ffcdb05a000 	C:\WINDOWS\system32\msvcrt.dll
0x00007ffcd81a0000 - 0x00007ffcd81ce000 	C:\WINDOWS\SYSTEM32\SspiCli.dll
0x00007ffcd8a90000 - 0x00007ffcd8ae4000 	C:\WINDOWS\system32\SHLWAPI.dll
0x00007ffcd8f10000 - 0x00007ffcd9087000 	C:\WINDOWS\system32\USER32.dll
0x00007ffcd9090000 - 0x00007ffcd9224000 	C:\WINDOWS\system32\ole32.dll
0x00007ffcd9760000 - 0x00007ffcdac78000 	C:\WINDOWS\system32\SHELL32.dll
0x00007ffcd7970000 - 0x00007ffcd7991000 	C:\WINDOWS\SYSTEM32\USERENV.dll
0x00007ffcdaea0000 - 0x00007ffcdaf4a000 	C:\WINDOWS\system32\ADVAPI32.dll
0x00007ffccf0e0000 - 0x00007ffccf0fe000 	C:\WINDOWS\SYSTEM32\MPR.dll
0x00007ffcd8db0000 - 0x00007ffcd8ef1000 	C:\WINDOWS\system32\RPCRT4.dll
0x00007ffcdae30000 - 0x00007ffcdae89000 	C:\WINDOWS\SYSTEM32\sechost.dll
0x00007ffcdb060000 - 0x00007ffcdb271000 	C:\WINDOWS\SYSTEM32\combase.dll
0x00007ffcd9370000 - 0x00007ffcd94c1000 	C:\WINDOWS\system32\GDI32.dll
0x00007ffcd83d0000 - 0x00007ffcd83e5000 	C:\WINDOWS\SYSTEM32\profapi.dll
0x00007ffcd6b90000 - 0x00007ffcd6c42000 	C:\WINDOWS\SYSTEM32\SHCORE.dll
0x00007ffcd8a50000 - 0x00007ffcd8a86000 	C:\WINDOWS\system32\IMM32.DLL
0x00007ffcd9540000 - 0x00007ffcd9692000 	C:\WINDOWS\system32\MSCTF.dll
0x00007ffcd6480000 - 0x00007ffcd66fb000 	C:\WINDOWS\WinSxS\amd64_microsoft.windows.common-controls_6595b64144ccf1df_6.0.9600.17784_none_624760d1ecb7236e\COMCTL32.dll
0x00000000545b0000 - 0x0000000054682000 	C:\Program Files\Java\jdk1.7.0_79\jre\bin\msvcr100.dll
0x00000000549d0000 - 0x00000000551a5000 	C:\Program Files\Java\jdk1.7.0_79\jre\bin\server\jvm.dll
0x00007ffcca9c0000 - 0x00007ffcca9c9000 	C:\WINDOWS\SYSTEM32\WSOCK32.dll
0x00007ffcd48f0000 - 0x00007ffcd4912000 	C:\WINDOWS\SYSTEM32\WINMM.dll
0x00007ffcd8bc0000 - 0x00007ffcd8bc7000 	C:\WINDOWS\system32\PSAPI.DLL
0x00007ffcdaf50000 - 0x00007ffcdafaa000 	C:\WINDOWS\system32\WS2_32.dll
0x00007ffcd48b0000 - 0x00007ffcd48da000 	C:\WINDOWS\SYSTEM32\WINMMBASE.dll
0x00007ffcdae90000 - 0x00007ffcdae99000 	C:\WINDOWS\system32\NSI.dll
0x00007ffcd85b0000 - 0x00007ffcd85ff000 	C:\WINDOWS\SYSTEM32\cfgmgr32.dll
0x00007ffcd71d0000 - 0x00007ffcd71f8000 	C:\WINDOWS\SYSTEM32\DEVOBJ.dll
0x0000000055b70000 - 0x0000000055b7f000 	C:\Program Files\Java\jdk1.7.0_79\jre\bin\verify.dll
0x00000000556f0000 - 0x0000000055718000 	C:\Program Files\Java\jdk1.7.0_79\jre\bin\java.dll
0x0000000055b50000 - 0x0000000055b65000 	C:\Program Files\Java\jdk1.7.0_79\jre\bin\zip.dll
0x00000000549b0000 - 0x00000000549ca000 	C:\Program Files\Java\jdk1.7.0_79\jre\bin\net.dll
0x00007ffcd7430000 - 0x00007ffcd7447000 	C:\WINDOWS\system32\WTFastDrv.dll
0x00007ffcd7be0000 - 0x00007ffcd7c39000 	C:\WINDOWS\system32\mswsock.dll
0x0000000054990000 - 0x00000000549a1000 	C:\Program Files\Java\jdk1.7.0_79\jre\bin\nio.dll

VM Arguments:
jvm_args: -Xmx1024M -Dfile.encoding=windows-1252 -Duser.country=CO -Duser.language=es -Duser.variant 
java_command: com.android.dx.command.Main --dex --output D:\FoodYeah\app\build\intermediates\pre-dexed\debug\classes-76db7550352fadb03cb9cb9e43ddf724f3247756.jar D:\FoodYeah\app\build\intermediates\exploded-aar\com.android.support\recyclerview-v7\21.0.3\jars\classes.jar
Launcher Type: SUN_STANDARD

Environment Variables:
PATH=C:\Program Files (x86)\NVIDIA Corporation\PhysX\Common;C:\ProgramData\Oracle\Java\javapath;C:\WINDOWS\system32;C:\WINDOWS;C:\WINDOWS\System32\Wbem;C:\WINDOWS\System32\WindowsPowerShell\v1.0\;C:\Program Files (x86)\Windows Kits\8.1\Windows Performance Toolkit\;C:\Program Files\Microsoft SQL Server\110\Tools\Binn\;C:\Program Files (x86)\Microsoft SDKs\TypeScript\1.0\;C:\Program Files (x86)\Git\cmd;C:\Program Files\Microsoft SQL Server\120\Tools\Binn\
USERNAME=jhonfredy
OS=Windows_NT
PROCESSOR_IDENTIFIER=AMD64 Family 16 Model 10 Stepping 0, AuthenticAMD



---------------  S Y S T E M  ---------------

OS: Windows 8.1 , 64 bit Build 9600 

CPU:total 4 (4 cores per cpu, 1 threads per core) family 16 model 10 stepping 0, cmov, cx8, fxsr, mmx, sse, sse2, sse3, popcnt, mmxext, 3dnowpref, lzcnt, sse4a, tsc, tscinvbit, tscinv

Memory: 4k page, physical 3931312k(261116k free), swap 7077040k(5152k free)

vm_info: Java HotSpot(TM) 64-Bit Server VM (24.79-b02) for windows-amd64 JRE (1.7.0_79-b15), built on Apr 10 2015 12:36:16 by "java_re" with unknown MS VC++:1600

time: Mon May 25 20:05:07 2015
elapsed time: 3 seconds

