#
# There is insufficient memory for the Java Runtime Environment to continue.
# Native memory allocation (malloc) failed to allocate 1158256 bytes for Chunk::new
# Possible reasons:
#   The system is out of physical RAM or swap space
#   In 32 bit mode, the process size limit was hit
# Possible solutions:
#   Reduce memory load on the system
#   Increase physical memory or swap space
#   Check if swap backing store is full
#   Use 64 bit Java on a 64 bit OS
#   Decrease Java heap size (-Xmx/-Xms)
#   Decrease number of Java threads
#   Decrease Java thread stack sizes (-Xss)
#   Set larger code cache with -XX:ReservedCodeCacheSize=
# This output file may be truncated or incomplete.
#
#  Out of Memory Error (allocation.cpp:323), pid=6128, tid=4048
#
# JRE version: Java(TM) SE Runtime Environment (7.0_79-b15) (build 1.7.0_79-b15)
# Java VM: Java HotSpot(TM) 64-Bit Server VM (24.79-b02 mixed mode windows-amd64 compressed oops)
# Failed to write core dump. Minidumps are not enabled by default on client versions of Windows
#

---------------  T H R E A D  ---------------

Current thread (0x0000000008486800):  JavaThread "C2 CompilerThread1" daemon [_thread_in_native, id=4048, stack(0x0000000009b10000,0x0000000009c10000)]

Stack: [0x0000000009b10000,0x0000000009c10000]
[error occurred during error reporting (printing stack bounds), id 0xc0000005]


Current CompileTask:
C2:   4341  379   !         com.android.dx.cf.code.RopperMachine::run (1550 bytes)


---------------  P R O C E S S  ---------------

Java Threads: ( => current thread )
  0x0000000008499000 JavaThread "Service Thread" daemon [_thread_blocked, id=7336, stack(0x0000000009c10000,0x0000000009d10000)]
=>0x0000000008486800 JavaThread "C2 CompilerThread1" daemon [_thread_in_native, id=4048, stack(0x0000000009b10000,0x0000000009c10000)]
  0x0000000008484800 JavaThread "C2 CompilerThread0" daemon [_thread_blocked, id=1660, stack(0x0000000009a10000,0x0000000009b10000)]
  0x0000000008484000 JavaThread "Attach Listener" daemon [_thread_blocked, id=7208, stack(0x0000000009910000,0x0000000009a10000)]
  0x0000000008480800 JavaThread "Signal Dispatcher" daemon [_thread_blocked, id=1156, stack(0x0000000009810000,0x0000000009910000)]
  0x000000000844f800 JavaThread "Finalizer" daemon [_thread_blocked, id=2408, stack(0x0000000009710000,0x0000000009810000)]
  0x0000000008445800 JavaThread "Reference Handler" daemon [_thread_blocked, id=6412, stack(0x0000000009610000,0x0000000009710000)]
  0x00000000025b0800 JavaThread "main" [_thread_in_Java, id=1968, stack(0x00000000024b0000,0x00000000025b0000)]

Other Threads:
  0x0000000008440800 VMThread [stack: 0x0000000009510000,0x0000000009610000] [id=6208]
  0x00000000084a2000 WatcherThread [stack: 0x0000000009d10000,0x0000000009e10000] [id=3052]

VM state:not at safepoint (normal execution)

VM Mutex/Monitor currently owned by a thread: None

Heap
 PSYoungGen      total 33280K, used 31051K [0x00000000eaa80000, 0x00000000ecd80000, 0x0000000100000000)
  eden space 30720K, 92% used [0x00000000eaa80000,0x00000000ec6581c0,0x00000000ec880000)
  from space 2560K, 99% used [0x00000000ecb00000,0x00000000ecd7ab58,0x00000000ecd80000)
  to   space 2560K, 0% used [0x00000000ec880000,0x00000000ec880000,0x00000000ecb00000)
 ParOldGen       total 40960K, used 3493K [0x00000000c0000000, 0x00000000c2800000, 0x00000000eaa80000)
  object space 40960K, 8% used [0x00000000c0000000,0x00000000c0369608,0x00000000c2800000)
 PSPermGen       total 21504K, used 5625K [0x00000000bae00000, 0x00000000bc300000, 0x00000000c0000000)
  object space 21504K, 26% used [0x00000000bae00000,0x00000000bb37e4e0,0x00000000bc300000)

Card table byte_map: [0x00000000056b0000,0x00000000058e0000] byte_map_base: 0x00000000050d9000

Polling page: 0x0000000000aa0000

Code Cache  [0x00000000026b0000, 0x0000000002920000, 0x00000000056b0000)
 total_blobs=614 nmethods=381 adapters=186 free_code_cache=47545Kb largest_free_block=48644608

Compilation events (10 events):
Event: 4.158 Thread 0x0000000008486800 nmethod 377 0x000000000283ba50 code [0x000000000283bc00, 0x000000000283c3f8]
Event: 4.158 Thread 0x0000000008486800  378             com.android.dx.cf.attrib.BaseAttribute::getName (5 bytes)
Event: 4.158 Thread 0x0000000008486800 nmethod 378 0x000000000282fc90 code [0x000000000282fdc0, 0x000000000282fe18]
Event: 4.158 Thread 0x0000000008486800  379   !         com.android.dx.cf.code.RopperMachine::run (1550 bytes)
Event: 4.198 Thread 0x0000000008484800 nmethod 376 0x00000000028414d0 code [0x0000000002841a20, 0x0000000002843ff0]
Event: 4.199 Thread 0x0000000008484800  380             com.android.dx.rop.cst.Constant::<init> (5 bytes)
Event: 4.199 Thread 0x0000000008484800 nmethod 380 0x00000000028392d0 code [0x0000000002839400, 0x0000000002839458]
Event: 4.200 Thread 0x0000000008484800  381             com.android.dx.cf.code.ValueAwareMachine::run (1142 bytes)
Event: 4.240 Thread 0x0000000008484800 nmethod 381 0x0000000002846c50 code [0x00000000028477a0, 0x0000000002849058]
Event: 4.284 Thread 0x0000000008484800  382             com.android.dx.ssa.SsaMethod::convertRopToSsaBlocks (103 bytes)

GC Heap History (4 events):
Event: 1.312 GC heap before
{Heap before GC invocations=1 (full 0):
 PSYoungGen      total 17920K, used 15360K [0x00000000eaa80000, 0x00000000ebe80000, 0x0000000100000000)
  eden space 15360K, 100% used [0x00000000eaa80000,0x00000000eb980000,0x00000000eb980000)
  from space 2560K, 0% used [0x00000000ebc00000,0x00000000ebc00000,0x00000000ebe80000)
  to   space 2560K, 0% used [0x00000000eb980000,0x00000000eb980000,0x00000000ebc00000)
 ParOldGen       total 40960K, used 0K [0x00000000c0000000, 0x00000000c2800000, 0x00000000eaa80000)
  object space 40960K, 0% used [0x00000000c0000000,0x00000000c0000000,0x00000000c2800000)
 PSPermGen       total 21504K, used 5344K [0x00000000bae00000, 0x00000000bc300000, 0x00000000c0000000)
  object space 21504K, 24% used [0x00000000bae00000,0x00000000bb3383a0,0x00000000bc300000)
Event: 1.465 GC heap after
Heap after GC invocations=1 (full 0):
 PSYoungGen      total 17920K, used 2543K [0x00000000eaa80000, 0x00000000ecd80000, 0x0000000100000000)
  eden space 15360K, 0% used [0x00000000eaa80000,0x00000000eaa80000,0x00000000eb980000)
  from space 2560K, 99% used [0x00000000eb980000,0x00000000ebbfbf08,0x00000000ebc00000)
  to   space 2560K, 0% used [0x00000000ecb00000,0x00000000ecb00000,0x00000000ecd80000)
 ParOldGen       total 40960K, used 1566K [0x00000000c0000000, 0x00000000c2800000, 0x00000000eaa80000)
  object space 40960K, 3% used [0x00000000c0000000,0x00000000c0187a38,0x00000000c2800000)
 PSPermGen       total 21504K, used 5344K [0x00000000bae00000, 0x00000000bc300000, 0x00000000c0000000)
  object space 21504K, 24% used [0x00000000bae00000,0x00000000bb3383a0,0x00000000bc300000)
}
Event: 2.565 GC heap before
{Heap before GC invocations=2 (full 0):
 PSYoungGen      total 17920K, used 17903K [0x00000000eaa80000, 0x00000000ecd80000, 0x0000000100000000)
  eden space 15360K, 100% used [0x00000000eaa80000,0x00000000eb980000,0x00000000eb980000)
  from space 2560K, 99% used [0x00000000eb980000,0x00000000ebbfbf08,0x00000000ebc00000)
  to   space 2560K, 0% used [0x00000000ecb00000,0x00000000ecb00000,0x00000000ecd80000)
 ParOldGen       total 40960K, used 1566K [0x00000000c0000000, 0x00000000c2800000, 0x00000000eaa80000)
  object space 40960K, 3% used [0x00000000c0000000,0x00000000c0187a38,0x00000000c2800000)
 PSPermGen       total 21504K, used 5534K [0x00000000bae00000, 0x00000000bc300000, 0x00000000c0000000)
  object space 21504K, 25% used [0x00000000bae00000,0x00000000bb367958,0x00000000bc300000)
Event: 2.623 GC heap after
Heap after GC invocations=2 (full 0):
 PSYoungGen      total 33280K, used 2538K [0x00000000eaa80000, 0x00000000ecd80000, 0x0000000100000000)
  eden space 30720K, 0% used [0x00000000eaa80000,0x00000000eaa80000,0x00000000ec880000)
  from space 2560K, 99% used [0x00000000ecb00000,0x00000000ecd7ab58,0x00000000ecd80000)
  to   space 2560K, 0% used [0x00000000ec880000,0x00000000ec880000,0x00000000ecb00000)
 ParOldGen       total 40960K, used 3493K [0x00000000c0000000, 0x00000000c2800000, 0x00000000eaa80000)
  object space 40960K, 8% used [0x00000000c0000000,0x00000000c0369608,0x00000000c2800000)
 PSPermGen       total 21504K, used 5534K [0x00000000bae00000, 0x00000000bc300000, 0x00000000c0000000)
  object space 21504K, 25% used [0x00000000bae00000,0x00000000bb367958,0x00000000bc300000)
}

Deoptimization events (10 events):
Event: 2.803 Thread 0x00000000025b0800 Uncommon trap: reason=unreached action=reinterpret pc=0x0000000002735584 method=com.android.dx.rop.cst.Constant.compareTo(Lcom/android/dx/rop/cst/Constant;)I @ 12
Event: 3.123 Thread 0x00000000025b0800 Uncommon trap: reason=null_check action=make_not_entrant pc=0x00000000027a3854 method=com.android.dx.rop.type.Type.putIntern(Lcom/android/dx/rop/type/Type;)Lcom/android/dx/rop/type/Type; @ 18
Event: 3.318 Thread 0x00000000025b0800 Uncommon trap: reason=null_check action=make_not_entrant pc=0x0000000002766ce4 method=com.android.dx.ssa.SsaRenamer.getLocalForNewReg(I)Lcom/android/dx/rop/code/LocalItem; @ 19
Event: 3.625 Thread 0x00000000025b0800 Uncommon trap: reason=unreached action=reinterpret pc=0x00000000027be8f4 method=com.android.dx.cf.code.Ropper.processBlock(Lcom/android/dx/cf/code/ByteBlock;Lcom/android/dx/cf/code/Frame;[I)V @ 513
Event: 3.625 Thread 0x00000000025b0800 Uncommon trap: reason=unreached action=reinterpret pc=0x00000000027cdf24 method=com.android.dx.cf.code.BaseMachine.getLocalTarget(Z)Lcom/android/dx/rop/code/RegisterSpec; @ 131
Event: 3.914 Thread 0x00000000025b0800 Uncommon trap: reason=bimorphic action=maybe_recompile pc=0x00000000027dd494 method=com.android.dx.cf.code.BytecodeArray.parseInstruction(ILcom/android/dx/cf/code/BytecodeArray$Visitor;)I @ 1130
Event: 3.914 Thread 0x00000000025b0800 Uncommon trap: reason=bimorphic action=maybe_recompile pc=0x00000000027dd0e8 method=com.android.dx.cf.code.BytecodeArray.parseInstruction(ILcom/android/dx/cf/code/BytecodeArray$Visitor;)I @ 939
Event: 3.914 Thread 0x00000000025b0800 Uncommon trap: reason=bimorphic action=maybe_recompile pc=0x00000000027dd164 method=com.android.dx.cf.code.BytecodeArray.parseInstruction(ILcom/android/dx/cf/code/BytecodeArray$Visitor;)I @ 955
Event: 3.914 Thread 0x00000000025b0800 Uncommon trap: reason=bimorphic action=maybe_recompile pc=0x00000000027dd494 method=com.android.dx.cf.code.BytecodeArray.parseInstruction(ILcom/android/dx/cf/code/BytecodeArray$Visitor;)I @ 1130
Event: 3.917 Thread 0x00000000025b0800 Uncommon trap: reason=unreached action=reinterpret pc=0x00000000027c716c method=com.android.dx.ssa.MoveParamCombiner$1.visitNonMoveInsn(Lcom/android/dx/ssa/NormalSsaInsn;)V @ 27

Internal exceptions (10 events):
Event: 2.562 Thread 0x00000000025b0800 Threw 0x00000000eb956ae0 at C:\re\jdk7u79\2331\hotspot\src\share\vm\prims\jvm.cpp:1304
Event: 2.631 Thread 0x00000000025b0800 Threw 0x00000000eaaf5180 at C:\re\jdk7u79\2331\hotspot\src\share\vm\prims\jvm.cpp:1304
Event: 2.632 Thread 0x00000000025b0800 Threw 0x00000000eaafaa28 at C:\re\jdk7u79\2331\hotspot\src\share\vm\prims\jvm.cpp:1304
Event: 2.632 Thread 0x00000000025b0800 Threw 0x00000000eab00048 at C:\re\jdk7u79\2331\hotspot\src\share\vm\prims\jvm.cpp:1304
Event: 2.643 Thread 0x00000000025b0800 Threw 0x00000000eab851f0 at C:\re\jdk7u79\2331\hotspot\src\share\vm\prims\jvm.cpp:1304
Event: 3.123 Thread 0x00000000025b0800 Implicit null exception at 0x00000000027a3167 to 0x00000000027a3845
Event: 3.317 Thread 0x00000000025b0800 Implicit null exception at 0x0000000002765b58 to 0x0000000002766cb5
Event: 3.330 Thread 0x00000000025b0800 Threw 0x00000000eb7ca8a0 at C:\re\jdk7u79\2331\hotspot\src\share\vm\prims\jvm.cpp:1304
Event: 3.333 Thread 0x00000000025b0800 Threw 0x00000000eb7dc840 at C:\re\jdk7u79\2331\hotspot\src\share\vm\prims\jvm.cpp:1304
Event: 3.778 Thread 0x00000000025b0800 Threw 0x00000000ebe7d9d0 at C:\re\jdk7u79\2331\hotspot\src\share\vm\prims\jvm.cpp:1304

Events (10 events):
Event: 3.914 Thread 0x00000000025b0800 DEOPT PACKING pc=0x00000000027dd164 sp=0x00000000025aeb80
Event: 3.914 Thread 0x00000000025b0800 DEOPT UNPACKING pc=0x00000000026e9064 sp=0x00000000025aeb28 mode 2
Event: 3.914 Thread 0x00000000025b0800 Uncommon trap: trap_request=0xffffffc6 fr.pc=0x00000000027dd494
Event: 3.914 Thread 0x00000000025b0800 DEOPT PACKING pc=0x00000000027dd494 sp=0x00000000025aeb80
Event: 3.914 Thread 0x00000000025b0800 DEOPT UNPACKING pc=0x00000000026e9064 sp=0x00000000025aeb28 mode 2
Event: 3.916 Thread 0x00000000025b0800 Uncommon trap: trap_request=0xffffffad fr.pc=0x00000000027c716c
Event: 3.917 Thread 0x00000000025b0800 DEOPT PACKING pc=0x00000000027c716c sp=0x00000000025aecd0
Event: 3.917 Thread 0x00000000025b0800 DEOPT UNPACKING pc=0x00000000026e9064 sp=0x00000000025aec28 mode 2
Event: 4.180 Executing VM operation: EnableBiasedLocking
Event: 4.195 Executing VM operation: EnableBiasedLocking done


Dynamic libraries:
0x00007ff690b90000 - 0x00007ff690bc3000 	C:\Program Files\Java\jdk1.7.0_79\bin\java.exe
0x00007ffcdb280000 - 0x00007ffcdb42c000 	C:\WINDOWS\SYSTEM32\ntdll.dll
0x00007ffcd9230000 - 0x00007ffcd936e000 	C:\WINDOWS\system32\KERNEL32.DLL
0x00007ffcd8600000 - 0x00007ffcd8715000 	C:\WINDOWS\system32\KERNELBASE.dll
0x00007ffcd6f50000 - 0x00007ffcd6fde000 	C:\WINDOWS\system32\apphelp.dll
0x00007ffccd140000 - 0x00007ffccd193000 	C:\WINDOWS\AppPatch\AppPatch64\AcGenral.DLL
0x00007ffcdafb0000 - 0x00007ffcdb05a000 	C:\WINDOWS\system32\msvcrt.dll
0x00007ffcd81a0000 - 0x00007ffcd81ce000 	C:\WINDOWS\SYSTEM32\SspiCli.dll
0x00007ffcd8a90000 - 0x00007ffcd8ae4000 	C:\WINDOWS\system32\SHLWAPI.dll
0x00007ffcd8f10000 - 0x00007ffcd9087000 	C:\WINDOWS\system32\USER32.dll
0x00007ffcd9090000 - 0x00007ffcd9224000 	C:\WINDOWS\system32\ole32.dll
0x00007ffcd9760000 - 0x00007ffcdac78000 	C:\WINDOWS\system32\SHELL32.dll
0x00007ffcd7970000 - 0x00007ffcd7991000 	C:\WINDOWS\SYSTEM32\USERENV.dll
0x00007ffcdaea0000 - 0x00007ffcdaf4a000 	C:\WINDOWS\system32\ADVAPI32.dll
0x00007ffccf0e0000 - 0x00007ffccf0fe000 	C:\WINDOWS\SYSTEM32\MPR.dll
0x00007ffcd8db0000 - 0x00007ffcd8ef1000 	C:\WINDOWS\system32\RPCRT4.dll
0x00007ffcdae30000 - 0x00007ffcdae89000 	C:\WINDOWS\SYSTEM32\sechost.dll
0x00007ffcdb060000 - 0x00007ffcdb271000 	C:\WINDOWS\SYSTEM32\combase.dll
0x00007ffcd9370000 - 0x00007ffcd94c1000 	C:\WINDOWS\system32\GDI32.dll
0x00007ffcd83d0000 - 0x00007ffcd83e5000 	C:\WINDOWS\SYSTEM32\profapi.dll
0x00007ffcd6b90000 - 0x00007ffcd6c42000 	C:\WINDOWS\SYSTEM32\SHCORE.dll
0x00007ffcd8a50000 - 0x00007ffcd8a86000 	C:\WINDOWS\system32\IMM32.DLL
0x00007ffcd9540000 - 0x00007ffcd9692000 	C:\WINDOWS\system32\MSCTF.dll
0x00007ffcd6480000 - 0x00007ffcd66fb000 	C:\WINDOWS\WinSxS\amd64_microsoft.windows.common-controls_6595b64144ccf1df_6.0.9600.17784_none_624760d1ecb7236e\COMCTL32.dll
0x00000000545b0000 - 0x0000000054682000 	C:\Program Files\Java\jdk1.7.0_79\jre\bin\msvcr100.dll
0x00000000549d0000 - 0x00000000551a5000 	C:\Program Files\Java\jdk1.7.0_79\jre\bin\server\jvm.dll
0x00007ffcca9c0000 - 0x00007ffcca9c9000 	C:\WINDOWS\SYSTEM32\WSOCK32.dll
0x00007ffcd48f0000 - 0x00007ffcd4912000 	C:\WINDOWS\SYSTEM32\WINMM.dll
0x00007ffcd8bc0000 - 0x00007ffcd8bc7000 	C:\WINDOWS\system32\PSAPI.DLL
0x00007ffcdaf50000 - 0x00007ffcdafaa000 	C:\WINDOWS\system32\WS2_32.dll
0x00007ffcd48b0000 - 0x00007ffcd48da000 	C:\WINDOWS\SYSTEM32\WINMMBASE.dll
0x00007ffcdae90000 - 0x00007ffcdae99000 	C:\WINDOWS\system32\NSI.dll
0x00007ffcd85b0000 - 0x00007ffcd85ff000 	C:\WINDOWS\SYSTEM32\cfgmgr32.dll
0x00007ffcd71d0000 - 0x00007ffcd71f8000 	C:\WINDOWS\SYSTEM32\DEVOBJ.dll
0x0000000055b70000 - 0x0000000055b7f000 	C:\Program Files\Java\jdk1.7.0_79\jre\bin\verify.dll
0x00000000556f0000 - 0x0000000055718000 	C:\Program Files\Java\jdk1.7.0_79\jre\bin\java.dll
0x0000000055b50000 - 0x0000000055b65000 	C:\Program Files\Java\jdk1.7.0_79\jre\bin\zip.dll
0x00000000549b0000 - 0x00000000549ca000 	C:\Program Files\Java\jdk1.7.0_79\jre\bin\net.dll
0x00007ffcd7430000 - 0x00007ffcd7447000 	C:\WINDOWS\system32\WTFastDrv.dll
0x00007ffcd7be0000 - 0x00007ffcd7c39000 	C:\WINDOWS\system32\mswsock.dll
0x0000000054990000 - 0x00000000549a1000 	C:\Program Files\Java\jdk1.7.0_79\jre\bin\nio.dll

VM Arguments:
jvm_args: -Xmx1024M -Dfile.encoding=windows-1252 -Duser.country=CO -Duser.language=es -Duser.variant 
java_command: com.android.dx.command.Main --dex --output D:\FoodYeah\app\build\intermediates\pre-dexed\debug\classes-af3ef3da99bae5338a26f2abd78c4ac3958cef74.jar D:\FoodYeah\app\build\intermediates\exploded-aar\com.android.support\appcompat-v7\22.1.1\jars\classes.jar
Launcher Type: SUN_STANDARD

Environment Variables:
PATH=C:\Program Files (x86)\NVIDIA Corporation\PhysX\Common;C:\ProgramData\Oracle\Java\javapath;C:\WINDOWS\system32;C:\WINDOWS;C:\WINDOWS\System32\Wbem;C:\WINDOWS\System32\WindowsPowerShell\v1.0\;C:\Program Files (x86)\Windows Kits\8.1\Windows Performance Toolkit\;C:\Program Files\Microsoft SQL Server\110\Tools\Binn\;C:\Program Files (x86)\Microsoft SDKs\TypeScript\1.0\;C:\Program Files (x86)\Git\cmd;C:\Program Files\Microsoft SQL Server\120\Tools\Binn\
USERNAME=jhonfredy
OS=Windows_NT
PROCESSOR_IDENTIFIER=AMD64 Family 16 Model 10 Stepping 0, AuthenticAMD



---------------  S Y S T E M  ---------------

OS: Windows 8.1 , 64 bit Build 9600 

CPU:total 4 (4 cores per cpu, 1 threads per core) family 16 model 10 stepping 0, cmov, cx8, fxsr, mmx, sse, sse2, sse3, popcnt, mmxext, 3dnowpref, lzcnt, sse4a, tsc, tscinvbit, tscinv

Memory: 4k page, physical 3931312k(264512k free), swap 7077040k(6196k free)

vm_info: Java HotSpot(TM) 64-Bit Server VM (24.79-b02) for windows-amd64 JRE (1.7.0_79-b15), built on Apr 10 2015 12:36:16 by "java_re" with unknown MS VC++:1600

time: Mon May 25 20:05:07 2015
elapsed time: 4 seconds

