#
# There is insufficient memory for the Java Runtime Environment to continue.
# Native memory allocation (malloc) failed to allocate 34672 bytes for Chunk::new
# Possible reasons:
#   The system is out of physical RAM or swap space
#   In 32 bit mode, the process size limit was hit
# Possible solutions:
#   Reduce memory load on the system
#   Increase physical memory or swap space
#   Check if swap backing store is full
#   Use 64 bit Java on a 64 bit OS
#   Decrease Java heap size (-Xmx/-Xms)
#   Decrease number of Java threads
#   Decrease Java thread stack sizes (-Xss)
#   Set larger code cache with -XX:ReservedCodeCacheSize=
# This output file may be truncated or incomplete.
#
#  Out of Memory Error (allocation.cpp:323), pid=3828, tid=768
#
# JRE version: Java(TM) SE Runtime Environment (7.0_79-b15) (build 1.7.0_79-b15)
# Java VM: Java HotSpot(TM) 64-Bit Server VM (24.79-b02 mixed mode windows-amd64 compressed oops)
# Failed to write core dump. Minidumps are not enabled by default on client versions of Windows
#

---------------  T H R E A D  ---------------

Current thread (0x0000000008b5d000):  JavaThread "C2 CompilerThread0" daemon [_thread_in_native, id=768, stack(0x000000000a0c0000,0x000000000a1c0000)]

Stack: [0x000000000a0c0000,0x000000000a1c0000]
[error occurred during error reporting (printing stack bounds), id 0xc0000005]


Current CompileTask:
C2:  11586  655             com.android.dx.ssa.back.FirstFitLocalCombiningAllocator::processPhiInsn (255 bytes)


---------------  P R O C E S S  ---------------

Java Threads: ( => current thread )
  0x0000000008b6c000 JavaThread "Service Thread" daemon [_thread_blocked, id=7912, stack(0x000000000a2c0000,0x000000000a3c0000)]
  0x0000000008b5f000 JavaThread "C2 CompilerThread1" daemon [_thread_blocked, id=5856, stack(0x000000000a1c0000,0x000000000a2c0000)]
=>0x0000000008b5d000 JavaThread "C2 CompilerThread0" daemon [_thread_in_native, id=768, stack(0x000000000a0c0000,0x000000000a1c0000)]
  0x0000000008b5c000 JavaThread "Attach Listener" daemon [_thread_blocked, id=524, stack(0x0000000009fc0000,0x000000000a0c0000)]
  0x0000000008b59000 JavaThread "Signal Dispatcher" daemon [_thread_blocked, id=4608, stack(0x0000000009ec0000,0x0000000009fc0000)]
  0x0000000008b1e800 JavaThread "Finalizer" daemon [_thread_blocked, id=1640, stack(0x0000000009dc0000,0x0000000009ec0000)]
  0x0000000008b15800 JavaThread "Reference Handler" daemon [_thread_blocked, id=2176, stack(0x0000000009cc0000,0x0000000009dc0000)]
  0x0000000002bc0800 JavaThread "main" [_thread_in_Java, id=6428, stack(0x0000000002a10000,0x0000000002b10000)]

Other Threads:
  0x0000000008b10800 VMThread [stack: 0x0000000009bc0000,0x0000000009cc0000] [id=7448]
  0x0000000008b87000 WatcherThread [stack: 0x000000000a3c0000,0x000000000a4c0000] [id=3656]

VM state:not at safepoint (normal execution)

VM Mutex/Monitor currently owned by a thread: None

Heap
 PSYoungGen      total 135680K, used 41962K [0x00000000eaa80000, 0x00000000fc780000, 0x0000000100000000)
  eden space 120320K, 26% used [0x00000000eaa80000,0x00000000ec912990,0x00000000f2000000)
  from space 15360K, 69% used [0x00000000f2000000,0x00000000f2a68060,0x00000000f2f00000)
  to   space 25600K, 0% used [0x00000000fae80000,0x00000000fae80000,0x00000000fc780000)
 ParOldGen       total 81408K, used 40540K [0x00000000c0000000, 0x00000000c4f80000, 0x00000000eaa80000)
  object space 81408K, 49% used [0x00000000c0000000,0x00000000c2797070,0x00000000c4f80000)
 PSPermGen       total 21504K, used 5781K [0x00000000bae00000, 0x00000000bc300000, 0x00000000c0000000)
  object space 21504K, 26% used [0x00000000bae00000,0x00000000bb3a5630,0x00000000bc300000)

Card table byte_map: [0x0000000005d80000,0x0000000005fb0000] byte_map_base: 0x00000000057a9000

Polling page: 0x00000000029d0000

Code Cache  [0x0000000002cc0000, 0x0000000002fa0000, 0x0000000005cc0000)
 total_blobs=862 nmethods=629 adapters=186 free_code_cache=46446Kb largest_free_block=47377664

Compilation events (10 events):
Event: 11.381 Thread 0x0000000008b5d000 nmethod 651 0x0000000002def410 code [0x0000000002def5a0, 0x0000000002def958]
Event: 11.467 Thread 0x0000000008b5f000  652             com.android.dx.rop.cst.CstNat::equals (48 bytes)
Event: 11.470 Thread 0x0000000008b5f000 nmethod 652 0x0000000002de2ad0 code [0x0000000002de2c20, 0x0000000002de2e58]
Event: 11.479 Thread 0x0000000008b5d000  653             com.android.dx.ssa.SsaMethod::getParamWidth (5 bytes)
Event: 11.479 Thread 0x0000000008b5d000 nmethod 653 0x0000000002de30d0 code [0x0000000002de3200, 0x0000000002de3258]
Event: 11.499 Thread 0x0000000008b5f000  654             com.android.dx.ssa.back.FirstFitLocalCombiningAllocator::findNextUnreservedRopReg (68 bytes)
Event: 11.503 Thread 0x0000000008b5f000 nmethod 654 0x0000000002dee950 code [0x0000000002deeae0, 0x0000000002deeee8]
Event: 11.574 Thread 0x0000000008b5d000  655             com.android.dx.ssa.back.FirstFitLocalCombiningAllocator::processPhiInsn (255 bytes)
Event: 11.575 Thread 0x0000000008b5f000  656             com.android.dx.cf.code.BaseMachine::popArgs (72 bytes)
Event: 11.576 Thread 0x0000000008b5f000 nmethod 656 0x0000000002de26d0 code [0x0000000002de2820, 0x0000000002de2918]

GC Heap History (10 events):
Event: 5.438 GC heap before
{Heap before GC invocations=4 (full 0):
 PSYoungGen      total 33280K, used 33280K [0x00000000eaa80000, 0x00000000eeb80000, 0x0000000100000000)
  eden space 30720K, 100% used [0x00000000eaa80000,0x00000000ec880000,0x00000000ec880000)
  from space 2560K, 100% used [0x00000000ec880000,0x00000000ecb00000,0x00000000ecb00000)
  to   space 2560K, 0% used [0x00000000ee900000,0x00000000ee900000,0x00000000eeb80000)
 ParOldGen       total 40960K, used 8482K [0x00000000c0000000, 0x00000000c2800000, 0x00000000eaa80000)
  object space 40960K, 20% used [0x00000000c0000000,0x00000000c08489d0,0x00000000c2800000)
 PSPermGen       total 21504K, used 5655K [0x00000000bae00000, 0x00000000bc300000, 0x00000000c0000000)
  object space 21504K, 26% used [0x00000000bae00000,0x00000000bb385fb0,0x00000000bc300000)
Event: 5.465 GC heap after
Heap after GC invocations=4 (full 0):
 PSYoungGen      total 64000K, used 2547K [0x00000000eaa80000, 0x00000000eeb80000, 0x0000000100000000)
  eden space 61440K, 0% used [0x00000000eaa80000,0x00000000eaa80000,0x00000000ee680000)
  from space 2560K, 99% used [0x00000000ee900000,0x00000000eeb7cd28,0x00000000eeb80000)
  to   space 2560K, 0% used [0x00000000ee680000,0x00000000ee680000,0x00000000ee900000)
 ParOldGen       total 40960K, used 13571K [0x00000000c0000000, 0x00000000c2800000, 0x00000000eaa80000)
  object space 40960K, 33% used [0x00000000c0000000,0x00000000c0d40ce0,0x00000000c2800000)
 PSPermGen       total 21504K, used 5655K [0x00000000bae00000, 0x00000000bc300000, 0x00000000c0000000)
  object space 21504K, 26% used [0x00000000bae00000,0x00000000bb385fb0,0x00000000bc300000)
}
Event: 6.905 GC heap before
{Heap before GC invocations=5 (full 0):
 PSYoungGen      total 64000K, used 63987K [0x00000000eaa80000, 0x00000000eeb80000, 0x0000000100000000)
  eden space 61440K, 100% used [0x00000000eaa80000,0x00000000ee680000,0x00000000ee680000)
  from space 2560K, 99% used [0x00000000ee900000,0x00000000eeb7cd28,0x00000000eeb80000)
  to   space 2560K, 0% used [0x00000000ee680000,0x00000000ee680000,0x00000000ee900000)
 ParOldGen       total 40960K, used 13571K [0x00000000c0000000, 0x00000000c2800000, 0x00000000eaa80000)
  object space 40960K, 33% used [0x00000000c0000000,0x00000000c0d40ce0,0x00000000c2800000)
 PSPermGen       total 21504K, used 5698K [0x00000000bae00000, 0x00000000bc300000, 0x00000000c0000000)
  object space 21504K, 26% used [0x00000000bae00000,0x00000000bb3908d0,0x00000000bc300000)
Event: 6.943 GC heap after
Heap after GC invocations=5 (full 0):
 PSYoungGen      total 64000K, used 2536K [0x00000000eaa80000, 0x00000000f3b80000, 0x0000000100000000)
  eden space 61440K, 0% used [0x00000000eaa80000,0x00000000eaa80000,0x00000000ee680000)
  from space 2560K, 99% used [0x00000000ee680000,0x00000000ee8fa2b0,0x00000000ee900000)
  to   space 12800K, 0% used [0x00000000f2f00000,0x00000000f2f00000,0x00000000f3b80000)
 ParOldGen       total 40960K, used 22894K [0x00000000c0000000, 0x00000000c2800000, 0x00000000eaa80000)
  object space 40960K, 55% used [0x00000000c0000000,0x00000000c165bb60,0x00000000c2800000)
 PSPermGen       total 21504K, used 5698K [0x00000000bae00000, 0x00000000bc300000, 0x00000000c0000000)
  object space 21504K, 26% used [0x00000000bae00000,0x00000000bb3908d0,0x00000000bc300000)
}
Event: 7.550 GC heap before
{Heap before GC invocations=6 (full 0):
 PSYoungGen      total 64000K, used 63976K [0x00000000eaa80000, 0x00000000f3b80000, 0x0000000100000000)
  eden space 61440K, 100% used [0x00000000eaa80000,0x00000000ee680000,0x00000000ee680000)
  from space 2560K, 99% used [0x00000000ee680000,0x00000000ee8fa2b0,0x00000000ee900000)
  to   space 12800K, 0% used [0x00000000f2f00000,0x00000000f2f00000,0x00000000f3b80000)
 ParOldGen       total 40960K, used 22894K [0x00000000c0000000, 0x00000000c2800000, 0x00000000eaa80000)
  object space 40960K, 55% used [0x00000000c0000000,0x00000000c165bb60,0x00000000c2800000)
 PSPermGen       total 21504K, used 5721K [0x00000000bae00000, 0x00000000bc300000, 0x00000000c0000000)
  object space 21504K, 26% used [0x00000000bae00000,0x00000000bb396650,0x00000000bc300000)
Event: 7.659 GC heap after
Heap after GC invocations=6 (full 0):
 PSYoungGen      total 133120K, used 12798K [0x00000000eaa80000, 0x00000000f4080000, 0x0000000100000000)
  eden space 120320K, 0% used [0x00000000eaa80000,0x00000000eaa80000,0x00000000f2000000)
  from space 12800K, 99% used [0x00000000f2f00000,0x00000000f3b7fb08,0x00000000f3b80000)
  to   space 15360K, 0% used [0x00000000f2000000,0x00000000f2000000,0x00000000f2f00000)
 ParOldGen       total 40960K, used 23435K [0x00000000c0000000, 0x00000000c2800000, 0x00000000eaa80000)
  object space 40960K, 57% used [0x00000000c0000000,0x00000000c16e2cc0,0x00000000c2800000)
 PSPermGen       total 21504K, used 5721K [0x00000000bae00000, 0x00000000bc300000, 0x00000000c0000000)
  object space 21504K, 26% used [0x00000000bae00000,0x00000000bb396650,0x00000000bc300000)
}
Event: 9.392 GC heap before
{Heap before GC invocations=7 (full 0):
 PSYoungGen      total 133120K, used 133118K [0x00000000eaa80000, 0x00000000f4080000, 0x0000000100000000)
  eden space 120320K, 100% used [0x00000000eaa80000,0x00000000f2000000,0x00000000f2000000)
  from space 12800K, 99% used [0x00000000f2f00000,0x00000000f3b7fb08,0x00000000f3b80000)
  to   space 15360K, 0% used [0x00000000f2000000,0x00000000f2000000,0x00000000f2f00000)
 ParOldGen       total 40960K, used 23435K [0x00000000c0000000, 0x00000000c2800000, 0x00000000eaa80000)
  object space 40960K, 57% used [0x00000000c0000000,0x00000000c16e2cc0,0x00000000c2800000)
 PSPermGen       total 21504K, used 5783K [0x00000000bae00000, 0x00000000bc300000, 0x00000000c0000000)
  object space 21504K, 26% used [0x00000000bae00000,0x00000000bb3a5e60,0x00000000bc300000)
Event: 9.564 GC heap after
Heap after GC invocations=7 (full 0):
 PSYoungGen      total 135680K, used 15346K [0x00000000eaa80000, 0x00000000fc780000, 0x0000000100000000)
  eden space 120320K, 0% used [0x00000000eaa80000,0x00000000eaa80000,0x00000000f2000000)
  from space 15360K, 99% used [0x00000000f2000000,0x00000000f2efc908,0x00000000f2f00000)
  to   space 25600K, 0% used [0x00000000fae80000,0x00000000fae80000,0x00000000fc780000)
 ParOldGen       total 40960K, used 38694K [0x00000000c0000000, 0x00000000c2800000, 0x00000000eaa80000)
  object space 40960K, 94% used [0x00000000c0000000,0x00000000c25c9a28,0x00000000c2800000)
 PSPermGen       total 21504K, used 5783K [0x00000000bae00000, 0x00000000bc300000, 0x00000000c0000000)
  object space 21504K, 26% used [0x00000000bae00000,0x00000000bb3a5e60,0x00000000bc300000)
}
Event: 9.564 GC heap before
{Heap before GC invocations=8 (full 1):
 PSYoungGen      total 135680K, used 15346K [0x00000000eaa80000, 0x00000000fc780000, 0x0000000100000000)
  eden space 120320K, 0% used [0x00000000eaa80000,0x00000000eaa80000,0x00000000f2000000)
  from space 15360K, 99% used [0x00000000f2000000,0x00000000f2efc908,0x00000000f2f00000)
  to   space 25600K, 0% used [0x00000000fae80000,0x00000000fae80000,0x00000000fc780000)
 ParOldGen       total 40960K, used 38694K [0x00000000c0000000, 0x00000000c2800000, 0x00000000eaa80000)
  object space 40960K, 94% used [0x00000000c0000000,0x00000000c25c9a28,0x00000000c2800000)
 PSPermGen       total 21504K, used 5783K [0x00000000bae00000, 0x00000000bc300000, 0x00000000c0000000)
  object space 21504K, 26% used [0x00000000bae00000,0x00000000bb3a5e60,0x00000000bc300000)
Event: 11.088 GC heap after
Heap after GC invocations=8 (full 1):
 PSYoungGen      total 135680K, used 10656K [0x00000000eaa80000, 0x00000000fc780000, 0x0000000100000000)
  eden space 120320K, 0% used [0x00000000eaa80000,0x00000000eaa80000,0x00000000f2000000)
  from space 15360K, 69% used [0x00000000f2000000,0x00000000f2a68060,0x00000000f2f00000)
  to   space 25600K, 0% used [0x00000000fae80000,0x00000000fae80000,0x00000000fc780000)
 ParOldGen       total 81408K, used 40540K [0x00000000c0000000, 0x00000000c4f80000, 0x00000000eaa80000)
  object space 81408K, 49% used [0x00000000c0000000,0x00000000c2797070,0x00000000c4f80000)
 PSPermGen       total 21504K, used 5777K [0x00000000bae00000, 0x00000000bc300000, 0x00000000c0000000)
  object space 21504K, 26% used [0x00000000bae00000,0x00000000bb3a47c8,0x00000000bc300000)
}

Deoptimization events (10 events):
Event: 8.372 Thread 0x0000000002bc0800 Uncommon trap: reason=bimorphic action=maybe_recompile pc=0x0000000002f5d6c0 method=com.android.dx.cf.code.BytecodeArray.parseInstruction(ILcom/android/dx/cf/code/BytecodeArray$Visitor;)I @ 1357
Event: 8.436 Thread 0x0000000002bc0800 Uncommon trap: reason=unreached action=reinterpret pc=0x0000000002de0aac method=com.android.dx.ssa.MoveParamCombiner$1.visitNonMoveInsn(Lcom/android/dx/ssa/NormalSsaInsn;)V @ 27
Event: 8.445 Thread 0x0000000002bc0800 Uncommon trap: reason=class_check action=maybe_recompile pc=0x0000000002f0d628 method=com.android.dx.cf.code.Ropper.processBlock(Lcom/android/dx/cf/code/ByteBlock;Lcom/android/dx/cf/code/Frame;[I)V @ 711
Event: 8.445 Thread 0x0000000002bc0800 Uncommon trap: reason=class_check action=maybe_recompile pc=0x0000000002f0d628 method=com.android.dx.cf.code.Ropper.processBlock(Lcom/android/dx/cf/code/ByteBlock;Lcom/android/dx/cf/code/Frame;[I)V @ 711
Event: 8.755 Thread 0x0000000002bc0800 Uncommon trap: reason=bimorphic action=maybe_recompile pc=0x0000000002f3ee4c method=com.android.dx.cf.code.RopperMachine.run(Lcom/android/dx/cf/code/Frame;II)V @ 310
Event: 8.927 Thread 0x0000000002bc0800 Uncommon trap: reason=bimorphic action=maybe_recompile pc=0x0000000002eddfac method=com.android.dx.ssa.LiteralOpUpgrader.tryReplacingWithConstant(Lcom/android/dx/ssa/NormalSsaInsn;)Z @ 62
Event: 8.928 Thread 0x0000000002bc0800 Uncommon trap: reason=class_check action=maybe_recompile pc=0x0000000002ed16e8 method=com.android.dx.ssa.back.FirstFitLocalCombiningAllocator.findNextUnreservedRopReg(IILcom/android/dx/ssa/back/FirstFitLocalCombiningAllocator$Alignment;)I @ 60
Event: 8.928 Thread 0x0000000002bc0800 Uncommon trap: reason=class_check action=maybe_recompile pc=0x0000000002ed16e8 method=com.android.dx.ssa.back.FirstFitLocalCombiningAllocator.findNextUnreservedRopReg(IILcom/android/dx/ssa/back/FirstFitLocalCombiningAllocator$Alignment;)I @ 60
Event: 8.928 Thread 0x0000000002bc0800 Uncommon trap: reason=class_check action=maybe_recompile pc=0x0000000002ed16e8 method=com.android.dx.ssa.back.FirstFitLocalCombiningAllocator.findNextUnreservedRopReg(IILcom/android/dx/ssa/back/FirstFitLocalCombiningAllocator$Alignment;)I @ 60
Event: 8.932 Thread 0x0000000002bc0800 Uncommon trap: reason=bimorphic action=maybe_recompile pc=0x0000000002eddfac method=com.android.dx.ssa.LiteralOpUpgrader.tryReplacingWithConstant(Lcom/android/dx/ssa/NormalSsaInsn;)Z @ 62

Internal exceptions (10 events):
Event: 5.321 Thread 0x0000000002bc0800 Threw 0x00000000ec420ab8 at C:\re\jdk7u79\2331\hotspot\src\share\vm\prims\jvm.cpp:1304
Event: 5.321 Thread 0x0000000002bc0800 Threw 0x00000000ec422df8 at C:\re\jdk7u79\2331\hotspot\src\share\vm\prims\jvm.cpp:1304
Event: 5.322 Thread 0x0000000002bc0800 Threw 0x00000000ec425cc0 at C:\re\jdk7u79\2331\hotspot\src\share\vm\prims\jvm.cpp:1304
Event: 5.348 Thread 0x0000000002bc0800 Threw 0x00000000ec5d8ae8 at C:\re\jdk7u79\2331\hotspot\src\share\vm\prims\jvm.cpp:1304
Event: 5.353 Thread 0x0000000002bc0800 Threw 0x00000000ec63e8b0 at C:\re\jdk7u79\2331\hotspot\src\share\vm\prims\jvm.cpp:1304
Event: 5.355 Thread 0x0000000002bc0800 Threw 0x00000000ec640e48 at C:\re\jdk7u79\2331\hotspot\src\share\vm\prims\jvm.cpp:1304
Event: 5.358 Thread 0x0000000002bc0800 Threw 0x00000000ec6583b0 at C:\re\jdk7u79\2331\hotspot\src\share\vm\prims\jvm.cpp:1304
Event: 5.358 Thread 0x0000000002bc0800 Threw 0x00000000ec65dc58 at C:\re\jdk7u79\2331\hotspot\src\share\vm\prims\jvm.cpp:1304
Event: 5.392 Thread 0x0000000002bc0800 Threw 0x00000000ec663288 at C:\re\jdk7u79\2331\hotspot\src\share\vm\prims\jvm.cpp:1304
Event: 7.179 Thread 0x0000000002bc0800 Threw 0x00000000ebb62d28 at C:\re\jdk7u79\2331\hotspot\src\share\vm\prims\jvm.cpp:1304

Events (10 events):
Event: 11.090 Executing VM operation: RevokeBias
Event: 11.090 Executing VM operation: RevokeBias done
Event: 11.090 Executing VM operation: RevokeBias
Event: 11.090 Executing VM operation: RevokeBias done
Event: 11.090 Executing VM operation: RevokeBias
Event: 11.090 Executing VM operation: RevokeBias done
Event: 11.090 Executing VM operation: RevokeBias
Event: 11.090 Executing VM operation: RevokeBias done
Event: 11.090 Executing VM operation: BulkRevokeBias
Event: 11.091 Executing VM operation: BulkRevokeBias done


Dynamic libraries:
0x00007ff690b90000 - 0x00007ff690bc3000 	C:\Program Files\Java\jdk1.7.0_79\bin\java.exe
0x00007ffcdb280000 - 0x00007ffcdb42c000 	C:\WINDOWS\SYSTEM32\ntdll.dll
0x00007ffcd9230000 - 0x00007ffcd936e000 	C:\WINDOWS\system32\KERNEL32.DLL
0x00007ffcd8600000 - 0x00007ffcd8715000 	C:\WINDOWS\system32\KERNELBASE.dll
0x00007ffcd6f50000 - 0x00007ffcd6fde000 	C:\WINDOWS\system32\apphelp.dll
0x00007ffccd140000 - 0x00007ffccd193000 	C:\WINDOWS\AppPatch\AppPatch64\AcGenral.DLL
0x00007ffcdafb0000 - 0x00007ffcdb05a000 	C:\WINDOWS\system32\msvcrt.dll
0x00007ffcd81a0000 - 0x00007ffcd81ce000 	C:\WINDOWS\SYSTEM32\SspiCli.dll
0x00007ffcd8a90000 - 0x00007ffcd8ae4000 	C:\WINDOWS\system32\SHLWAPI.dll
0x00007ffcd8f10000 - 0x00007ffcd9087000 	C:\WINDOWS\system32\USER32.dll
0x00007ffcd9090000 - 0x00007ffcd9224000 	C:\WINDOWS\system32\ole32.dll
0x00007ffcd9760000 - 0x00007ffcdac78000 	C:\WINDOWS\system32\SHELL32.dll
0x00007ffcd7970000 - 0x00007ffcd7991000 	C:\WINDOWS\SYSTEM32\USERENV.dll
0x00007ffcdaea0000 - 0x00007ffcdaf4a000 	C:\WINDOWS\system32\ADVAPI32.dll
0x00007ffccf0e0000 - 0x00007ffccf0fe000 	C:\WINDOWS\SYSTEM32\MPR.dll
0x00007ffcd8db0000 - 0x00007ffcd8ef1000 	C:\WINDOWS\system32\RPCRT4.dll
0x00007ffcdae30000 - 0x00007ffcdae89000 	C:\WINDOWS\SYSTEM32\sechost.dll
0x00007ffcdb060000 - 0x00007ffcdb271000 	C:\WINDOWS\SYSTEM32\combase.dll
0x00007ffcd9370000 - 0x00007ffcd94c1000 	C:\WINDOWS\system32\GDI32.dll
0x00007ffcd83d0000 - 0x00007ffcd83e5000 	C:\WINDOWS\SYSTEM32\profapi.dll
0x00007ffcd6b90000 - 0x00007ffcd6c42000 	C:\WINDOWS\SYSTEM32\SHCORE.dll
0x00007ffcd8a50000 - 0x00007ffcd8a86000 	C:\WINDOWS\system32\IMM32.DLL
0x00007ffcd9540000 - 0x00007ffcd9692000 	C:\WINDOWS\system32\MSCTF.dll
0x00007ffcd6480000 - 0x00007ffcd66fb000 	C:\WINDOWS\WinSxS\amd64_microsoft.windows.common-controls_6595b64144ccf1df_6.0.9600.17784_none_624760d1ecb7236e\COMCTL32.dll
0x00000000545b0000 - 0x0000000054682000 	C:\Program Files\Java\jdk1.7.0_79\jre\bin\msvcr100.dll
0x00000000549d0000 - 0x00000000551a5000 	C:\Program Files\Java\jdk1.7.0_79\jre\bin\server\jvm.dll
0x00007ffcca9c0000 - 0x00007ffcca9c9000 	C:\WINDOWS\SYSTEM32\WSOCK32.dll
0x00007ffcd48f0000 - 0x00007ffcd4912000 	C:\WINDOWS\SYSTEM32\WINMM.dll
0x00007ffcd8bc0000 - 0x00007ffcd8bc7000 	C:\WINDOWS\system32\PSAPI.DLL
0x00007ffcdaf50000 - 0x00007ffcdafaa000 	C:\WINDOWS\system32\WS2_32.dll
0x00007ffcd48b0000 - 0x00007ffcd48da000 	C:\WINDOWS\SYSTEM32\WINMMBASE.dll
0x00007ffcdae90000 - 0x00007ffcdae99000 	C:\WINDOWS\system32\NSI.dll
0x00007ffcd85b0000 - 0x00007ffcd85ff000 	C:\WINDOWS\SYSTEM32\cfgmgr32.dll
0x00007ffcd71d0000 - 0x00007ffcd71f8000 	C:\WINDOWS\SYSTEM32\DEVOBJ.dll
0x0000000055b70000 - 0x0000000055b7f000 	C:\Program Files\Java\jdk1.7.0_79\jre\bin\verify.dll
0x00000000556f0000 - 0x0000000055718000 	C:\Program Files\Java\jdk1.7.0_79\jre\bin\java.dll
0x0000000055b50000 - 0x0000000055b65000 	C:\Program Files\Java\jdk1.7.0_79\jre\bin\zip.dll
0x00000000549b0000 - 0x00000000549ca000 	C:\Program Files\Java\jdk1.7.0_79\jre\bin\net.dll
0x00007ffcd7430000 - 0x00007ffcd7447000 	C:\WINDOWS\system32\WTFastDrv.dll
0x00007ffcd7be0000 - 0x00007ffcd7c39000 	C:\WINDOWS\system32\mswsock.dll
0x0000000054990000 - 0x00000000549a1000 	C:\Program Files\Java\jdk1.7.0_79\jre\bin\nio.dll

VM Arguments:
jvm_args: -Xmx1024M -Dfile.encoding=windows-1252 -Duser.country=CO -Duser.language=es -Duser.variant 
java_command: com.android.dx.command.Main --dex --output D:\FoodYeah\app\build\intermediates\pre-dexed\debug\classes-2781194ae96875015f1f10a0f0a3a227d7924e55.jar D:\FoodYeah\app\build\intermediates\exploded-aar\com.android.support\support-v4\22.1.1\jars\classes.jar
Launcher Type: SUN_STANDARD

Environment Variables:
PATH=C:\Program Files (x86)\NVIDIA Corporation\PhysX\Common;C:\ProgramData\Oracle\Java\javapath;C:\WINDOWS\system32;C:\WINDOWS;C:\WINDOWS\System32\Wbem;C:\WINDOWS\System32\WindowsPowerShell\v1.0\;C:\Program Files (x86)\Windows Kits\8.1\Windows Performance Toolkit\;C:\Program Files\Microsoft SQL Server\110\Tools\Binn\;C:\Program Files (x86)\Microsoft SDKs\TypeScript\1.0\;C:\Program Files (x86)\Git\cmd;C:\Program Files\Microsoft SQL Server\120\Tools\Binn\
USERNAME=jhonfredy
OS=Windows_NT
PROCESSOR_IDENTIFIER=AMD64 Family 16 Model 10 Stepping 0, AuthenticAMD



---------------  S Y S T E M  ---------------

OS: Windows 8.1 , 64 bit Build 9600 

CPU:total 4 (4 cores per cpu, 1 threads per core) family 16 model 10 stepping 0, cmov, cx8, fxsr, mmx, sse, sse2, sse3, popcnt, mmxext, 3dnowpref, lzcnt, sse4a, tsc, tscinvbit, tscinv

Memory: 4k page, physical 3931312k(261316k free), swap 7077040k(5136k free)

vm_info: Java HotSpot(TM) 64-Bit Server VM (24.79-b02) for windows-amd64 JRE (1.7.0_79-b15), built on Apr 10 2015 12:36:16 by "java_re" with unknown MS VC++:1600

time: Mon May 25 20:05:07 2015
elapsed time: 11 seconds

