#
# There is insufficient memory for the Java Runtime Environment to continue.
# Native memory allocation (malloc) failed to allocate 798224 bytes for Chunk::new
# Possible reasons:
#   The system is out of physical RAM or swap space
#   In 32 bit mode, the process size limit was hit
# Possible solutions:
#   Reduce memory load on the system
#   Increase physical memory or swap space
#   Check if swap backing store is full
#   Use 64 bit Java on a 64 bit OS
#   Decrease Java heap size (-Xmx/-Xms)
#   Decrease number of Java threads
#   Decrease Java thread stack sizes (-Xss)
#   Set larger code cache with -XX:ReservedCodeCacheSize=
# This output file may be truncated or incomplete.
#
#  Out of Memory Error (allocation.cpp:323), pid=6644, tid=7880
#
# JRE version: Java(TM) SE Runtime Environment (7.0_79-b15) (build 1.7.0_79-b15)
# Java VM: Java HotSpot(TM) 64-Bit Server VM (24.79-b02 mixed mode windows-amd64 compressed oops)
# Failed to write core dump. Minidumps are not enabled by default on client versions of Windows
#

---------------  T H R E A D  ---------------

Current thread (0x0000000007f94000):  JavaThread "C2 CompilerThread0" daemon [_thread_in_native, id=7880, stack(0x0000000009500000,0x0000000009600000)]

Stack: [0x0000000009500000,0x0000000009600000]
[error occurred during error reporting (printing stack bounds), id 0xc0000005]


Current CompileTask:
C2:   7713  642             com.android.dx.dex.cf.CfTranslator::translate0 (259 bytes)


---------------  P R O C E S S  ---------------

Java Threads: ( => current thread )
  0x0000000007fb0800 JavaThread "Service Thread" daemon [_thread_blocked, id=7508, stack(0x0000000009700000,0x0000000009800000)]
  0x0000000007f9f800 JavaThread "C2 CompilerThread1" daemon [_thread_in_native, id=3992, stack(0x0000000009600000,0x0000000009700000)]
=>0x0000000007f94000 JavaThread "C2 CompilerThread0" daemon [_thread_in_native, id=7880, stack(0x0000000009500000,0x0000000009600000)]
  0x0000000007f93000 JavaThread "Attach Listener" daemon [_thread_blocked, id=6600, stack(0x0000000009400000,0x0000000009500000)]
  0x0000000007f90000 JavaThread "Signal Dispatcher" daemon [_thread_blocked, id=7100, stack(0x0000000009300000,0x0000000009400000)]
  0x0000000007f5e800 JavaThread "Finalizer" daemon [_thread_blocked, id=6996, stack(0x0000000009200000,0x0000000009300000)]
  0x0000000007f55800 JavaThread "Reference Handler" daemon [_thread_blocked, id=4844, stack(0x0000000009100000,0x0000000009200000)]
  0x0000000002000800 JavaThread "main" [_thread_in_Java, id=2588, stack(0x0000000001e80000,0x0000000001f80000)]

Other Threads:
  0x0000000007f50800 VMThread [stack: 0x0000000009000000,0x0000000009100000] [id=7076]
  0x0000000007fba800 WatcherThread [stack: 0x0000000009800000,0x0000000009900000] [id=7048]

VM state:not at safepoint (normal execution)

VM Mutex/Monitor currently owned by a thread:  ([mutex/lock_event])
[0x0000000001ffb6d0] CodeCache_lock - owner thread: 0x0000000007f9f800
[0x0000000001ffd430] Compile_lock - owner thread: 0x0000000000000000

Heap
 PSYoungGen      total 33280K, used 17916K [0x00000000eaa80000, 0x00000000ecd80000, 0x0000000100000000)
  eden space 30720K, 50% used [0x00000000eaa80000,0x00000000eb982f38,0x00000000ec880000)
  from space 2560K, 99% used [0x00000000ec880000,0x00000000ecafc270,0x00000000ecb00000)
  to   space 2560K, 0% used [0x00000000ecb00000,0x00000000ecb00000,0x00000000ecd80000)
 ParOldGen       total 65024K, used 38607K [0x00000000c0000000, 0x00000000c3f80000, 0x00000000eaa80000)
  object space 65024K, 59% used [0x00000000c0000000,0x00000000c25b3d88,0x00000000c3f80000)
 PSPermGen       total 21504K, used 5929K [0x00000000bae00000, 0x00000000bc300000, 0x00000000c0000000)
  object space 21504K, 27% used [0x00000000bae00000,0x00000000bb3ca4d8,0x00000000bc300000)

Card table byte_map: [0x00000000051c0000,0x00000000053f0000] byte_map_base: 0x0000000004be9000

Polling page: 0x0000000000850000

Code Cache  [0x0000000002100000, 0x00000000023a0000, 0x0000000005100000)
 total_blobs=923 nmethods=690 adapters=186 free_code_cache=46517Kb largest_free_block=47594304

Compilation events (10 events):
Event: 7.168 Thread 0x0000000007f9f800 nmethod 637 0x00000000023586d0 code [0x0000000002358800, 0x0000000002358858]
Event: 7.168 Thread 0x0000000007f9f800  638   !         com.android.dx.cf.code.BytecodeArray::parseInstruction (2764 bytes)
Event: 7.177 Thread 0x0000000007f94000 nmethod 616 0x0000000002361e10 code [0x0000000002362340, 0x00000000023673b0]
Event: 7.178 Thread 0x0000000007f94000  639             com.android.dx.cf.code.BaseMachine::popArgs (72 bytes)
Event: 7.179 Thread 0x0000000007f94000 nmethod 639 0x0000000002358350 code [0x00000000023584a0, 0x0000000002358598]
Event: 7.179 Thread 0x0000000007f94000  640             com.android.dx.ssa.MoveParamCombiner$1::visitPhiInsn (1 bytes)
Event: 7.180 Thread 0x0000000007f94000 nmethod 640 0x0000000002358090 code [0x00000000023581c0, 0x0000000002358218]
Event: 7.180 Thread 0x0000000007f94000  641             com.android.dx.util.ByteArray::size (5 bytes)
Event: 7.180 Thread 0x0000000007f94000 nmethod 641 0x00000000023604d0 code [0x0000000002360600, 0x0000000002360658]
Event: 7.180 Thread 0x0000000007f94000  642             com.android.dx.dex.cf.CfTranslator::translate0 (259 bytes)

GC Heap History (10 events):
Event: 6.032 GC heap before
{Heap before GC invocations=7 (full 0):
 PSYoungGen      total 33280K, used 33272K [0x00000000eaa80000, 0x00000000ecd80000, 0x0000000100000000)
  eden space 30720K, 100% used [0x00000000eaa80000,0x00000000ec880000,0x00000000ec880000)
  from space 2560K, 99% used [0x00000000ecb00000,0x00000000ecd7e3a0,0x00000000ecd80000)
  to   space 2560K, 0% used [0x00000000ec880000,0x00000000ec880000,0x00000000ecb00000)
 ParOldGen       total 40960K, used 16996K [0x00000000c0000000, 0x00000000c2800000, 0x00000000eaa80000)
  object space 40960K, 41% used [0x00000000c0000000,0x00000000c1099078,0x00000000c2800000)
 PSPermGen       total 21504K, used 5687K [0x00000000bae00000, 0x00000000bc300000, 0x00000000c0000000)
  object space 21504K, 26% used [0x00000000bae00000,0x00000000bb38df08,0x00000000bc300000)
Event: 6.050 GC heap after
Heap after GC invocations=7 (full 0):
 PSYoungGen      total 33280K, used 2545K [0x00000000eaa80000, 0x00000000ecd80000, 0x0000000100000000)
  eden space 30720K, 0% used [0x00000000eaa80000,0x00000000eaa80000,0x00000000ec880000)
  from space 2560K, 99% used [0x00000000ec880000,0x00000000ecafc5a8,0x00000000ecb00000)
  to   space 2560K, 0% used [0x00000000ecb00000,0x00000000ecb00000,0x00000000ecd80000)
 ParOldGen       total 40960K, used 22188K [0x00000000c0000000, 0x00000000c2800000, 0x00000000eaa80000)
  object space 40960K, 54% used [0x00000000c0000000,0x00000000c15ab2a8,0x00000000c2800000)
 PSPermGen       total 21504K, used 5687K [0x00000000bae00000, 0x00000000bc300000, 0x00000000c0000000)
  object space 21504K, 26% used [0x00000000bae00000,0x00000000bb38df08,0x00000000bc300000)
}
Event: 6.357 GC heap before
{Heap before GC invocations=8 (full 0):
 PSYoungGen      total 33280K, used 33265K [0x00000000eaa80000, 0x00000000ecd80000, 0x0000000100000000)
  eden space 30720K, 100% used [0x00000000eaa80000,0x00000000ec880000,0x00000000ec880000)
  from space 2560K, 99% used [0x00000000ec880000,0x00000000ecafc5a8,0x00000000ecb00000)
  to   space 2560K, 0% used [0x00000000ecb00000,0x00000000ecb00000,0x00000000ecd80000)
 ParOldGen       total 40960K, used 22188K [0x00000000c0000000, 0x00000000c2800000, 0x00000000eaa80000)
  object space 40960K, 54% used [0x00000000c0000000,0x00000000c15ab2a8,0x00000000c2800000)
 PSPermGen       total 21504K, used 5713K [0x00000000bae00000, 0x00000000bc300000, 0x00000000c0000000)
  object space 21504K, 26% used [0x00000000bae00000,0x00000000bb3944a0,0x00000000bc300000)
Event: 6.377 GC heap after
Heap after GC invocations=8 (full 0):
 PSYoungGen      total 33280K, used 2535K [0x00000000eaa80000, 0x00000000ecd80000, 0x0000000100000000)
  eden space 30720K, 0% used [0x00000000eaa80000,0x00000000eaa80000,0x00000000ec880000)
  from space 2560K, 99% used [0x00000000ecb00000,0x00000000ecd79e78,0x00000000ecd80000)
  to   space 2560K, 0% used [0x00000000ec880000,0x00000000ec880000,0x00000000ecb00000)
 ParOldGen       total 40960K, used 26892K [0x00000000c0000000, 0x00000000c2800000, 0x00000000eaa80000)
  object space 40960K, 65% used [0x00000000c0000000,0x00000000c1a432b0,0x00000000c2800000)
 PSPermGen       total 21504K, used 5713K [0x00000000bae00000, 0x00000000bc300000, 0x00000000c0000000)
  object space 21504K, 26% used [0x00000000bae00000,0x00000000bb3944a0,0x00000000bc300000)
}
Event: 6.612 GC heap before
{Heap before GC invocations=9 (full 0):
 PSYoungGen      total 33280K, used 33255K [0x00000000eaa80000, 0x00000000ecd80000, 0x0000000100000000)
  eden space 30720K, 100% used [0x00000000eaa80000,0x00000000ec880000,0x00000000ec880000)
  from space 2560K, 99% used [0x00000000ecb00000,0x00000000ecd79e78,0x00000000ecd80000)
  to   space 2560K, 0% used [0x00000000ec880000,0x00000000ec880000,0x00000000ecb00000)
 ParOldGen       total 40960K, used 26892K [0x00000000c0000000, 0x00000000c2800000, 0x00000000eaa80000)
  object space 40960K, 65% used [0x00000000c0000000,0x00000000c1a432b0,0x00000000c2800000)
 PSPermGen       total 21504K, used 5725K [0x00000000bae00000, 0x00000000bc300000, 0x00000000c0000000)
  object space 21504K, 26% used [0x00000000bae00000,0x00000000bb3975f8,0x00000000bc300000)
Event: 6.629 GC heap after
Heap after GC invocations=9 (full 0):
 PSYoungGen      total 33280K, used 2555K [0x00000000eaa80000, 0x00000000ecd80000, 0x0000000100000000)
  eden space 30720K, 0% used [0x00000000eaa80000,0x00000000eaa80000,0x00000000ec880000)
  from space 2560K, 99% used [0x00000000ec880000,0x00000000ecafef70,0x00000000ecb00000)
  to   space 2560K, 0% used [0x00000000ecb00000,0x00000000ecb00000,0x00000000ecd80000)
 ParOldGen       total 40960K, used 31603K [0x00000000c0000000, 0x00000000c2800000, 0x00000000eaa80000)
  object space 40960K, 77% used [0x00000000c0000000,0x00000000c1edcf68,0x00000000c2800000)
 PSPermGen       total 21504K, used 5725K [0x00000000bae00000, 0x00000000bc300000, 0x00000000c0000000)
  object space 21504K, 26% used [0x00000000bae00000,0x00000000bb3975f8,0x00000000bc300000)
}
Event: 6.841 GC heap before
{Heap before GC invocations=10 (full 0):
 PSYoungGen      total 33280K, used 33275K [0x00000000eaa80000, 0x00000000ecd80000, 0x0000000100000000)
  eden space 30720K, 100% used [0x00000000eaa80000,0x00000000ec880000,0x00000000ec880000)
  from space 2560K, 99% used [0x00000000ec880000,0x00000000ecafef70,0x00000000ecb00000)
  to   space 2560K, 0% used [0x00000000ecb00000,0x00000000ecb00000,0x00000000ecd80000)
 ParOldGen       total 40960K, used 31603K [0x00000000c0000000, 0x00000000c2800000, 0x00000000eaa80000)
  object space 40960K, 77% used [0x00000000c0000000,0x00000000c1edcf68,0x00000000c2800000)
 PSPermGen       total 21504K, used 5731K [0x00000000bae00000, 0x00000000bc300000, 0x00000000c0000000)
  object space 21504K, 26% used [0x00000000bae00000,0x00000000bb398ca8,0x00000000bc300000)
Event: 6.861 GC heap after
Heap after GC invocations=10 (full 0):
 PSYoungGen      total 33280K, used 2534K [0x00000000eaa80000, 0x00000000ecd80000, 0x0000000100000000)
  eden space 30720K, 0% used [0x00000000eaa80000,0x00000000eaa80000,0x00000000ec880000)
  from space 2560K, 99% used [0x00000000ecb00000,0x00000000ecd79b70,0x00000000ecd80000)
  to   space 2560K, 0% used [0x00000000ec880000,0x00000000ec880000,0x00000000ecb00000)
 ParOldGen       total 40960K, used 36841K [0x00000000c0000000, 0x00000000c2800000, 0x00000000eaa80000)
  object space 40960K, 89% used [0x00000000c0000000,0x00000000c23fa430,0x00000000c2800000)
 PSPermGen       total 21504K, used 5731K [0x00000000bae00000, 0x00000000bc300000, 0x00000000c0000000)
  object space 21504K, 26% used [0x00000000bae00000,0x00000000bb398ca8,0x00000000bc300000)
}
Event: 6.861 GC heap before
{Heap before GC invocations=11 (full 1):
 PSYoungGen      total 33280K, used 2534K [0x00000000eaa80000, 0x00000000ecd80000, 0x0000000100000000)
  eden space 30720K, 0% used [0x00000000eaa80000,0x00000000eaa80000,0x00000000ec880000)
  from space 2560K, 99% used [0x00000000ecb00000,0x00000000ecd79b70,0x00000000ecd80000)
  to   space 2560K, 0% used [0x00000000ec880000,0x00000000ec880000,0x00000000ecb00000)
 ParOldGen       total 40960K, used 36841K [0x00000000c0000000, 0x00000000c2800000, 0x00000000eaa80000)
  object space 40960K, 89% used [0x00000000c0000000,0x00000000c23fa430,0x00000000c2800000)
 PSPermGen       total 21504K, used 5731K [0x00000000bae00000, 0x00000000bc300000, 0x00000000c0000000)
  object space 21504K, 26% used [0x00000000bae00000,0x00000000bb398ca8,0x00000000bc300000)
Event: 7.167 GC heap after
Heap after GC invocations=11 (full 1):
 PSYoungGen      total 33280K, used 0K [0x00000000eaa80000, 0x00000000ecd80000, 0x0000000100000000)
  eden space 30720K, 0% used [0x00000000eaa80000,0x00000000eaa80000,0x00000000ec880000)
  from space 2560K, 0% used [0x00000000ecb00000,0x00000000ecb00000,0x00000000ecd80000)
  to   space 2560K, 0% used [0x00000000ec880000,0x00000000ec880000,0x00000000ecb00000)
 ParOldGen       total 65024K, used 36099K [0x00000000c0000000, 0x00000000c3f80000, 0x00000000eaa80000)
  object space 65024K, 55% used [0x00000000c0000000,0x00000000c2340fd8,0x00000000c3f80000)
 PSPermGen       total 21504K, used 5726K [0x00000000bae00000, 0x00000000bc300000, 0x00000000c0000000)
  object space 21504K, 26% used [0x00000000bae00000,0x00000000bb397ad0,0x00000000bc300000)
}

Deoptimization events (10 events):
Event: 5.809 Thread 0x0000000002000800 Uncommon trap: reason=unreached action=reinterpret pc=0x00000000021e2eb4 method=com.android.dx.rop.code.LocalVariableExtractor.processBlock(I)V @ 195
Event: 6.187 Thread 0x0000000002000800 Uncommon trap: reason=bimorphic action=maybe_recompile pc=0x000000000223febc method=com.android.dx.ssa.LiteralOpUpgrader.tryReplacingWithConstant(Lcom/android/dx/ssa/NormalSsaInsn;)Z @ 62
Event: 6.272 Thread 0x0000000002000800 Uncommon trap: reason=bimorphic action=maybe_recompile pc=0x000000000223febc method=com.android.dx.ssa.LiteralOpUpgrader.tryReplacingWithConstant(Lcom/android/dx/ssa/NormalSsaInsn;)Z @ 62
Event: 6.290 Thread 0x0000000002000800 Uncommon trap: reason=class_check action=maybe_recompile pc=0x000000000229d5f4 method=com.android.dx.ssa.SCCP.replaceConstants()V @ 182
Event: 6.296 Thread 0x0000000002000800 Uncommon trap: reason=class_check action=maybe_recompile pc=0x000000000229d5f4 method=com.android.dx.ssa.SCCP.replaceConstants()V @ 182
Event: 6.330 Thread 0x0000000002000800 Uncommon trap: reason=null_check action=make_not_entrant pc=0x0000000002236994 method=com.android.dx.dex.file.FieldIdsSection.intern(Lcom/android/dx/rop/cst/CstFieldRef;)Lcom/android/dx/dex/file/FieldIdItem; @ 26
Event: 6.409 Thread 0x0000000002000800 Uncommon trap: reason=null_check action=make_not_entrant pc=0x00000000023082cc method=com.android.dx.cf.code.Ropper$CatchInfo.getSetup(Lcom/android/dx/rop/type/Type;)Lcom/android/dx/cf/code/Ropper$ExceptionHandlerSetup; @ 10
Event: 6.544 Thread 0x0000000002000800 Uncommon trap: reason=class_check action=maybe_recompile pc=0x00000000022b7980 method=com.android.dx.cf.code.RopperMachine.run(Lcom/android/dx/cf/code/Frame;II)V @ 1024
Event: 6.638 Thread 0x0000000002000800 Uncommon trap: reason=bimorphic action=maybe_recompile pc=0x00000000022e56a8 method=com.android.dx.cf.code.BytecodeArray.parseInstruction(ILcom/android/dx/cf/code/BytecodeArray$Visitor;)I @ 2484
Event: 6.638 Thread 0x0000000002000800 Uncommon trap: reason=bimorphic action=maybe_recompile pc=0x00000000022e56a8 method=com.android.dx.cf.code.BytecodeArray.parseInstruction(ILcom/android/dx/cf/code/BytecodeArray$Visitor;)I @ 2484

Internal exceptions (10 events):
Event: 4.152 Thread 0x0000000002000800 Threw 0x00000000eab9c310 at C:\re\jdk7u79\2331\hotspot\src\share\vm\prims\jvm.cpp:1304
Event: 4.299 Thread 0x0000000002000800 Implicit null exception at 0x0000000002201267 to 0x0000000002201945
Event: 4.363 Thread 0x0000000002000800 Implicit null exception at 0x00000000021bf02c to 0x00000000021c00cd
Event: 4.376 Thread 0x0000000002000800 Threw 0x00000000eb734ab0 at C:\re\jdk7u79\2331\hotspot\src\share\vm\prims\jvm.cpp:1304
Event: 4.378 Thread 0x0000000002000800 Threw 0x00000000eb746a60 at C:\re\jdk7u79\2331\hotspot\src\share\vm\prims\jvm.cpp:1304
Event: 4.586 Thread 0x0000000002000800 Threw 0x00000000eaeea768 at C:\re\jdk7u79\2331\hotspot\src\share\vm\prims\jvm.cpp:1304
Event: 4.993 Thread 0x0000000002000800 Threw 0x00000000eb6a92e0 at C:\re\jdk7u79\2331\hotspot\src\share\vm\prims\jvm.cpp:1304
Event: 5.510 Thread 0x0000000002000800 Threw 0x00000000ec0b9370 at C:\re\jdk7u79\2331\hotspot\src\share\vm\prims\jvm.cpp:1304
Event: 6.331 Thread 0x0000000002000800 Threw 0x00000000ec61d890 at C:\re\jdk7u79\2331\hotspot\src\share\vm\prims\jvm.cpp:1304
Event: 6.409 Thread 0x0000000002000800 Implicit null exception at 0x00000000023044f4 to 0x0000000002308279

Events (10 events):
Event: 6.612 Executing VM operation: ParallelGCFailedAllocation
Event: 6.629 Executing VM operation: ParallelGCFailedAllocation done
Event: 6.638 Thread 0x0000000002000800 Uncommon trap: trap_request=0xffffffc6 fr.pc=0x00000000022e56a8
Event: 6.638 Thread 0x0000000002000800 DEOPT PACKING pc=0x00000000022e56a8 sp=0x0000000001f7ea60
Event: 6.638 Thread 0x0000000002000800 DEOPT UNPACKING pc=0x0000000002139064 sp=0x0000000001f7e9f8 mode 2
Event: 6.638 Thread 0x0000000002000800 Uncommon trap: trap_request=0xffffffc6 fr.pc=0x00000000022e56a8
Event: 6.638 Thread 0x0000000002000800 DEOPT PACKING pc=0x00000000022e56a8 sp=0x0000000001f7ea40
Event: 6.638 Thread 0x0000000002000800 DEOPT UNPACKING pc=0x0000000002139064 sp=0x0000000001f7e9d8 mode 2
Event: 6.841 Executing VM operation: ParallelGCFailedAllocation
Event: 7.167 Executing VM operation: ParallelGCFailedAllocation done


Dynamic libraries:
0x00007ff71cd80000 - 0x00007ff71cdb3000 	C:\Program Files\Java\jdk1.7.0_79\bin\java.exe
0x00007ffcdb280000 - 0x00007ffcdb42c000 	C:\WINDOWS\SYSTEM32\ntdll.dll
0x00007ffcd9230000 - 0x00007ffcd936e000 	C:\WINDOWS\system32\KERNEL32.DLL
0x00007ffcd8600000 - 0x00007ffcd8715000 	C:\WINDOWS\system32\KERNELBASE.dll
0x00007ffcd6f50000 - 0x00007ffcd6fde000 	C:\WINDOWS\system32\apphelp.dll
0x00007ffcce710000 - 0x00007ffcce763000 	C:\WINDOWS\AppPatch\AppPatch64\AcGenral.DLL
0x00007ffcdafb0000 - 0x00007ffcdb05a000 	C:\WINDOWS\system32\msvcrt.dll
0x00007ffcd81a0000 - 0x00007ffcd81ce000 	C:\WINDOWS\SYSTEM32\SspiCli.dll
0x00007ffcd8a90000 - 0x00007ffcd8ae4000 	C:\WINDOWS\system32\SHLWAPI.dll
0x00007ffcd8f10000 - 0x00007ffcd9087000 	C:\WINDOWS\system32\USER32.dll
0x00007ffcd9090000 - 0x00007ffcd9224000 	C:\WINDOWS\system32\ole32.dll
0x00007ffcd9760000 - 0x00007ffcdac78000 	C:\WINDOWS\system32\SHELL32.dll
0x00007ffcd7970000 - 0x00007ffcd7991000 	C:\WINDOWS\SYSTEM32\USERENV.dll
0x00007ffcdaea0000 - 0x00007ffcdaf4a000 	C:\WINDOWS\system32\ADVAPI32.dll
0x00007ffccf0e0000 - 0x00007ffccf0fe000 	C:\WINDOWS\SYSTEM32\MPR.dll
0x00007ffcd8db0000 - 0x00007ffcd8ef1000 	C:\WINDOWS\system32\RPCRT4.dll
0x00007ffcdae30000 - 0x00007ffcdae89000 	C:\WINDOWS\SYSTEM32\sechost.dll
0x00007ffcdb060000 - 0x00007ffcdb271000 	C:\WINDOWS\SYSTEM32\combase.dll
0x00007ffcd9370000 - 0x00007ffcd94c1000 	C:\WINDOWS\system32\GDI32.dll
0x00007ffcd83d0000 - 0x00007ffcd83e5000 	C:\WINDOWS\SYSTEM32\profapi.dll
0x00007ffcd6b90000 - 0x00007ffcd6c42000 	C:\WINDOWS\SYSTEM32\SHCORE.dll
0x00007ffcd8a50000 - 0x00007ffcd8a86000 	C:\WINDOWS\system32\IMM32.DLL
0x00007ffcd9540000 - 0x00007ffcd9692000 	C:\WINDOWS\system32\MSCTF.dll
0x00007ffcd6480000 - 0x00007ffcd66fb000 	C:\WINDOWS\WinSxS\amd64_microsoft.windows.common-controls_6595b64144ccf1df_6.0.9600.17784_none_624760d1ecb7236e\COMCTL32.dll
0x0000000054550000 - 0x0000000054622000 	C:\Program Files\Java\jdk1.7.0_79\jre\bin\msvcr100.dll
0x00000000549d0000 - 0x00000000551a5000 	C:\Program Files\Java\jdk1.7.0_79\jre\bin\server\jvm.dll
0x00007ffcca9c0000 - 0x00007ffcca9c9000 	C:\WINDOWS\SYSTEM32\WSOCK32.dll
0x00007ffcd48f0000 - 0x00007ffcd4912000 	C:\WINDOWS\SYSTEM32\WINMM.dll
0x00007ffcd8bc0000 - 0x00007ffcd8bc7000 	C:\WINDOWS\system32\PSAPI.DLL
0x00007ffcdaf50000 - 0x00007ffcdafaa000 	C:\WINDOWS\system32\WS2_32.dll
0x00007ffcd48b0000 - 0x00007ffcd48da000 	C:\WINDOWS\SYSTEM32\WINMMBASE.dll
0x00007ffcdae90000 - 0x00007ffcdae99000 	C:\WINDOWS\system32\NSI.dll
0x00007ffcd85b0000 - 0x00007ffcd85ff000 	C:\WINDOWS\SYSTEM32\cfgmgr32.dll
0x00007ffcd71d0000 - 0x00007ffcd71f8000 	C:\WINDOWS\SYSTEM32\DEVOBJ.dll
0x00000000556e0000 - 0x00000000556ef000 	C:\Program Files\Java\jdk1.7.0_79\jre\bin\verify.dll
0x00000000549a0000 - 0x00000000549c8000 	C:\Program Files\Java\jdk1.7.0_79\jre\bin\java.dll
0x0000000054980000 - 0x0000000054995000 	C:\Program Files\Java\jdk1.7.0_79\jre\bin\zip.dll
0x0000000054960000 - 0x000000005497a000 	C:\Program Files\Java\jdk1.7.0_79\jre\bin\net.dll
0x00007ffcd7430000 - 0x00007ffcd7447000 	C:\WINDOWS\system32\WTFastDrv.dll
0x00007ffcd7be0000 - 0x00007ffcd7c39000 	C:\WINDOWS\system32\mswsock.dll
0x0000000054940000 - 0x0000000054951000 	C:\Program Files\Java\jdk1.7.0_79\jre\bin\nio.dll

VM Arguments:
jvm_args: -Xmx1024M -Dfile.encoding=windows-1252 -Duser.country=CO -Duser.language=es -Duser.variant 
java_command: com.android.dx.command.Main --dex --output C:\Users\jhonfredy\AndroidStudioProjects\FoodYeah\app\build\intermediates\pre-dexed\debug\classes-51670abb36c8ce734b6b0d23babacee5b8964681.jar C:\Users\jhonfredy\AndroidStudioProjects\FoodYeah\app\build\intermediates\exploded-aar\com.android.support\appcompat-v7\22.1.1\jars\classes.jar
Launcher Type: SUN_STANDARD

Environment Variables:
PATH=C:\Program Files (x86)\NVIDIA Corporation\PhysX\Common;C:\ProgramData\Oracle\Java\javapath;C:\WINDOWS\system32;C:\WINDOWS;C:\WINDOWS\System32\Wbem;C:\WINDOWS\System32\WindowsPowerShell\v1.0\;C:\Program Files (x86)\Windows Kits\8.1\Windows Performance Toolkit\;C:\Program Files\Microsoft SQL Server\110\Tools\Binn\;C:\Program Files (x86)\Microsoft SDKs\TypeScript\1.0\;C:\Program Files (x86)\Git\cmd
USERNAME=jhonfredy
OS=Windows_NT
PROCESSOR_IDENTIFIER=AMD64 Family 16 Model 10 Stepping 0, AuthenticAMD



---------------  S Y S T E M  ---------------

OS: Windows 8.1 , 64 bit Build 9600 

CPU:total 4 (4 cores per cpu, 1 threads per core) family 16 model 10 stepping 0, cmov, cx8, fxsr, mmx, sse, sse2, sse3, popcnt, mmxext, 3dnowpref, lzcnt, sse4a, tsc, tscinvbit, tscinv

Memory: 4k page, physical 3931312k(172676k free), swap 7077040k(7464k free)

vm_info: Java HotSpot(TM) 64-Bit Server VM (24.79-b02) for windows-amd64 JRE (1.7.0_79-b15), built on Apr 10 2015 12:36:16 by "java_re" with unknown MS VC++:1600

time: Sun May 24 23:15:20 2015
elapsed time: 7 seconds

